#
# A fatal error has been detected by the Java Runtime Environment:
#
#  EXCEPTION_ACCESS_VIOLATION (0xc0000005) at pc=0x00007ffa5942b470, pid=13880, tid=10132
#
# JRE version: Java(TM) SE Runtime Environment (11.0.2+9) (build 11.0.2+9-LTS)
# Java VM: Java HotSpot(TM) 64-Bit Server VM (11.0.2+9-LTS, mixed mode, tiered, compressed oops, g1 gc, windows-amd64)
# Problematic frame:
# C  [jfxwebkit.dll+0x87b470]
#
# No core dump will be written. Minidumps are not enabled by default on client versions of Windows
#
# If you would like to submit a bug report, please visit:
#   http://bugreport.java.com/bugreport/crash.jsp
# The crash happened outside the Java Virtual Machine in native code.
# See problematic frame for where to report the bug.
#

---------------  S U M M A R Y ------------

Command Line: --module-path=.\javafx\lib --add-modules=javafx.controls --add-exports=javafx.graphics/com.sun.javafx.sg.prism=ALL-UNNAMED --add-exports=javafx.graphics/com.sun.prism=ALL-UNNAMED --add-exports=javafx.graphics/com.sun.javafx.scene=ALL-UNNAMED --add-exports=javafx.graphics/com.sun.javafx.util=ALL-UNNAMED --add-exports=javafx.base/com.sun.javafx.logging=ALL-UNNAMED --add-exports=javafx.graphics/com.sun.glass.ui=ALL-UNNAMED --add-exports=javafx.graphics/com.sun.javafx.geom.transform=ALL-UNNAMED --add-exports=javafx.graphics/com.sun.javafx.tk=ALL-UNNAMED --add-exports=javafx.graphics/com.sun.glass.utils=ALL-UNNAMED -Dfile.encoding=Cp1252 org.sourceforge.kga.KitchenGardenAid

Host: AMD Ryzen 7 2700X Eight-Core Processor         , 16 cores, 31G,  Windows 10 , 64 bit Build 18362 (10.0.18362.1082)
Time: Tue Oct 13 16:46:27 2020 Pacific Daylight Time elapsed time: 1 seconds (0d 0h 0m 1s)

---------------  T H R E A D  ---------------

Current thread (0x000001fa9a024800):  JavaThread "JavaFX Application Thread" [_thread_in_native, id=10132, stack(0x00000091b4e00000,0x00000091b4f00000)]

Stack: [0x00000091b4e00000,0x00000091b4f00000],  sp=0x00000091b4efb500,  free space=1005k
Native frames: (J=compiled Java code, j=interpreted, Vv=VM code, C=native code)
C  [jfxwebkit.dll+0x87b470]

Java frames: (J=compiled Java code, j=interpreted, Vv=VM code)
j  com.sun.webkit.WebPage.twkInit(JZF)V+0
j  com.sun.webkit.WebPage.<init>(Lcom/sun/webkit/WebPageClient;Lcom/sun/webkit/UIClient;Lcom/sun/webkit/PolicyClient;Lcom/sun/webkit/InspectorClient;Lcom/sun/webkit/ThemeClient;Z)V+195
j  javafx.scene.web.WebEngine.<init>(Ljava/lang/String;Z)V+270
j  javafx.scene.web.WebEngine.<init>()V+3
j  javafx.scene.web.WebView.<init>()V+60
j  org.sourceforge.kga.gui.GardenCanvas.<init>()V+42
j  org.sourceforge.kga.gui.GardenView.<init>()V+60
j  org.sourceforge.kga.gui.GardenTabPane.<init>(Lorg/sourceforge/kga/gui/Toolbox;)V+36
j  org.sourceforge.kga.gui.MainWindow.<init>(Ljavafx/stage/Stage;)V+24
j  org.sourceforge.kga.KitchenGardenAid.start(Ljavafx/stage/Stage;)V+85
j  com.sun.javafx.application.LauncherImpl.lambda$launchApplication1$9(Ljava/util/concurrent/atomic/AtomicBoolean;Ljavafx/application/Application;)V+20 javafx.graphics
j  com.sun.javafx.application.LauncherImpl$$Lambda$123.run()V+8 javafx.graphics
j  com.sun.javafx.application.PlatformImpl.lambda$runAndWait$12(Ljava/lang/Runnable;Ljava/util/concurrent/CountDownLatch;)V+1 javafx.graphics
j  com.sun.javafx.application.PlatformImpl$$Lambda$101.run()V+8 javafx.graphics
j  com.sun.javafx.application.PlatformImpl.lambda$runLater$10(Ljava/lang/Runnable;)Ljava/lang/Void;+1 javafx.graphics
j  com.sun.javafx.application.PlatformImpl$$Lambda$103.run()Ljava/lang/Object;+4 javafx.graphics
v  ~StubRoutines::call_stub
j  java.security.AccessController.doPrivileged(Ljava/security/PrivilegedAction;Ljava/security/AccessControlContext;)Ljava/lang/Object;+0 java.base@11.0.2
j  com.sun.javafx.application.PlatformImpl.lambda$runLater$11(Ljava/lang/Runnable;Ljava/security/AccessControlContext;)V+7 javafx.graphics
j  com.sun.javafx.application.PlatformImpl$$Lambda$102.run()V+8 javafx.graphics
j  com.sun.glass.ui.InvokeLaterDispatcher$Future.run()V+4 javafx.graphics
v  ~StubRoutines::call_stub
j  com.sun.glass.ui.win.WinApplication._runLoop(Ljava/lang/Runnable;)V+0 javafx.graphics
j  com.sun.glass.ui.win.WinApplication.lambda$runLoop$3(ILjava/lang/Runnable;)V+8 javafx.graphics
j  com.sun.glass.ui.win.WinApplication$$Lambda$91.run()V+12 javafx.graphics
j  java.lang.Thread.run()V+11 java.base@11.0.2
v  ~StubRoutines::call_stub

siginfo: EXCEPTION_ACCESS_VIOLATION (0xc0000005), writing address 0x0000000000000000


Register to memory mapping:

RIP=0x00007ffa5942b470 jfxwebkit.dll
RAX=0x00000091b4efb588 is pointing into the stack for thread: 0x000001fa9a024800
RBX=0x000001faa401b690 points into unknown readable memory: 00 00 00 00 00 00 00 00
RCX=0x0 is NULL
RDX=0x00007ffa5a3ed298 jfxwebkit.dll
RSP=0x00000091b4efb500 is pointing into the stack for thread: 0x000001fa9a024800
RBP=0x00000091b4efb5b0 is pointing into the stack for thread: 0x000001fa9a024800
RSI=0x00007ffa5c33a928 jfxwebkit.dll
RDI=0x00000091b4efb5f8 is pointing into the stack for thread: 0x000001fa9a024800
R8 =0x0 is NULL
R9 =0xffff820049187e60 is an unknown value
R10=0x0000000000000005 is an unknown value
R11=0x00000091b4efb4e0 is pointing into the stack for thread: 0x000001fa9a024800
R12=0x000001fa9b59c960 points into unknown readable memory: f0 d0 1a a4 fa 01 00 00
R13=0x00000000ffffffff is an unknown value
R14=0x000001faa401b690 points into unknown readable memory: 00 00 00 00 00 00 00 00
R15=0x0 is NULL


Registers:
RAX=0x00000091b4efb588, RBX=0x000001faa401b690, RCX=0x0000000000000000, RDX=0x00007ffa5a3ed298
RSP=0x00000091b4efb500, RBP=0x00000091b4efb5b0, RSI=0x00007ffa5c33a928, RDI=0x00000091b4efb5f8
R8 =0x0000000000000000, R9 =0xffff820049187e60, R10=0x0000000000000005, R11=0x00000091b4efb4e0
R12=0x000001fa9b59c960, R13=0x00000000ffffffff, R14=0x000001faa401b690, R15=0x0000000000000000
RIP=0x00007ffa5942b470, EFLAGS=0x0000000000010246

Top of Stack: (sp=0x00000091b4efb500)
0x00000091b4efb500:   40c5912083126e98 000001faa401b690
0x00000091b4efb510:   00000091b4efb5b0 00007ffa5c33a928
0x00000091b4efb520:   0000000000000000 0000000000000000
0x00000091b4efb530:   00000091b4efb540 00007ffa58d6ff00
0x00000091b4efb540:   000001faa400b600 00000100a38fe100
0x00000091b4efb550:   000001faa38fe128 000001fa9b59c770
0x00000091b4efb560:   000001faa38fe110 00007ffa58f1be2e
0x00000091b4efb570:   000001fa9b59c770 000001faa38fe128
0x00000091b4efb580:   00000000ffffffff 0000000000000000
0x00000091b4efb590:   00000091b4efb5a0 0000000000000001
0x00000091b4efb5a0:   000001faa401b688 00007ffa58eb68de
0x00000091b4efb5b0:   0000000000000000 000001faa401b690
0x00000091b4efb5c0:   0000000000000001 000001fa9b59c770
0x00000091b4efb5d0:   00000091b4efb699 00007ffa591369c3
0x00000091b4efb5e0:   0000000000000000 000001faa38fe110
0x00000091b4efb5f0:   000001fa9b59c770 0000000000000000 

Instructions: (pc=0x00007ffa5942b470)
0x00007ffa5942b450:   00 c6 44 24 46 00 c6 44 24 48 00 c6 44 24 4c 00
0x00007ffa5942b460:   c6 44 24 4e 00 e8 b6 3b a8 ff 48 8b 08 48 89 0f
0x00007ffa5942b470:   ff 01 48 8b 9c 24 88 00 00 00 48 c7 84 24 88 00
0x00007ffa5942b480:   00 00 00 00 00 00 48 85 db 74 2c 8b 03 83 e8 01 


Stack slot to memory mapping:
stack at sp + 0 slots: 0x40c5912083126e98 is an unknown value
stack at sp + 1 slots: 0x000001faa401b690 points into unknown readable memory: 00 00 00 00 00 00 00 00
stack at sp + 2 slots: 0x00000091b4efb5b0 is pointing into the stack for thread: 0x000001fa9a024800
stack at sp + 3 slots: 0x00007ffa5c33a928 jfxwebkit.dll
stack at sp + 4 slots: 0x0 is NULL
stack at sp + 5 slots: 0x0 is NULL
stack at sp + 6 slots: 0x00000091b4efb540 is pointing into the stack for thread: 0x000001fa9a024800
stack at sp + 7 slots: 0x00007ffa58d6ff00 jfxwebkit.dll


---------------  P R O C E S S  ---------------

Threads class SMR info:
_java_thread_list=0x000001faa3574390, length=25, elements={
0x000001faeafda000, 0x000001fa998df800, 0x000001fa99909000, 0x000001fa9996f800,
0x000001fa99970800, 0x000001fa99919000, 0x000001fa99927000, 0x000001fa9997c800,
0x000001fa99aec000, 0x000001fa99c09000, 0x000001fa99c0e800, 0x000001fa99c11800,
0x000001fa99c4c000, 0x000001fa99c9b000, 0x000001fa99c9d000, 0x000001fa99ca0000,
0x000001fa99d54800, 0x000001fa9a758000, 0x000001fa9b3f9800, 0x000001fa9a024800,
0x000001fa9b035800, 0x000001fa9a3f7800, 0x000001faa3bbe800, 0x000001faa3889000,
0x000001faa416b800
}

Java Threads: ( => current thread )
  0x000001faeafda000 JavaThread "main" [_thread_blocked, id=7356, stack(0x00000091b3300000,0x00000091b3400000)]
  0x000001fa998df800 JavaThread "Reference Handler" daemon [_thread_blocked, id=9952, stack(0x00000091b3a00000,0x00000091b3b00000)]
  0x000001fa99909000 JavaThread "Finalizer" daemon [_thread_blocked, id=8356, stack(0x00000091b3b00000,0x00000091b3c00000)]
  0x000001fa9996f800 JavaThread "Signal Dispatcher" daemon [_thread_blocked, id=4824, stack(0x00000091b3c00000,0x00000091b3d00000)]
  0x000001fa99970800 JavaThread "Attach Listener" daemon [_thread_blocked, id=9804, stack(0x00000091b3d00000,0x00000091b3e00000)]
  0x000001fa99919000 JavaThread "C2 CompilerThread0" daemon [_thread_blocked, id=13584, stack(0x00000091b3e00000,0x00000091b3f00000)]
  0x000001fa99927000 JavaThread "C1 CompilerThread0" daemon [_thread_blocked, id=8468, stack(0x00000091b3f00000,0x00000091b4000000)]
  0x000001fa9997c800 JavaThread "Sweeper thread" daemon [_thread_blocked, id=12528, stack(0x00000091b4000000,0x00000091b4100000)]
  0x000001fa99aec000 JavaThread "Common-Cleaner" daemon [_thread_blocked, id=8080, stack(0x00000091b4100000,0x00000091b4200000)]
  0x000001fa99c09000 JavaThread "C1 CompilerThread1" daemon [_thread_blocked, id=5648, stack(0x00000091b4200000,0x00000091b4300000)]
  0x000001fa99c0e800 JavaThread "C1 CompilerThread2" daemon [_thread_blocked, id=26972, stack(0x00000091b4300000,0x00000091b4400000)]
  0x000001fa99c11800 JavaThread "C1 CompilerThread3" daemon [_thread_blocked, id=14616, stack(0x00000091b4400000,0x00000091b4500000)]
  0x000001fa99c4c000 JavaThread "C2 CompilerThread1" daemon [_thread_blocked, id=1872, stack(0x00000091b4500000,0x00000091b4600000)]
  0x000001fa99c9b000 JavaThread "C2 CompilerThread2" daemon [_thread_blocked, id=24296, stack(0x00000091b4600000,0x00000091b4700000)]
  0x000001fa99c9d000 JavaThread "C2 CompilerThread3" daemon [_thread_blocked, id=2432, stack(0x00000091b4700000,0x00000091b4800000)]
  0x000001fa99ca0000 JavaThread "C2 CompilerThread4" daemon [_thread_blocked, id=4160, stack(0x00000091b4800000,0x00000091b4900000)]
  0x000001fa99d54800 JavaThread "Service Thread" daemon [_thread_blocked, id=20808, stack(0x00000091b4900000,0x00000091b4a00000)]
  0x000001fa9a758000 JavaThread "QuantumRenderer-0" daemon [_thread_blocked, id=14972, stack(0x00000091b4b00000,0x00000091b4c00000)]
  0x000001fa9b3f9800 JavaThread "InvokeLaterDispatcher" daemon [_thread_blocked, id=25180, stack(0x00000091b4d00000,0x00000091b4e00000)]
=>0x000001fa9a024800 JavaThread "JavaFX Application Thread" [_thread_in_native, id=10132, stack(0x00000091b4e00000,0x00000091b4f00000)]
  0x000001fa9b035800 JavaThread "Thread-1" daemon [_thread_in_native, id=5596, stack(0x00000091b5020000,0x00000091b5120000)]
  0x000001fa9a3f7800 JavaThread "JavaFX-Launcher" [_thread_blocked, id=15548, stack(0x00000091b5120000,0x00000091b5220000)]
  0x000001faa3bbe800 JavaThread "C2 CompilerThread5" daemon [_thread_blocked, id=22444, stack(0x00000091b5e20000,0x00000091b5f20000)]
  0x000001faa3889000 JavaThread "C2 CompilerThread6" daemon [_thread_blocked, id=18936, stack(0x00000091b5f20000,0x00000091b6020000)]
  0x000001faa416b800 JavaThread "Prism Font Disposer" daemon [_thread_blocked, id=9528, stack(0x00000091b6120000,0x00000091b6220000)]

Other Threads:
  0x000001fa998dd800 VMThread "VM Thread" [stack: 0x00000091b3900000,0x00000091b3a00000] [id=3652]
  0x000001fa99cbf800 WatcherThread [stack: 0x00000091b4a00000,0x00000091b4b00000] [id=9276]
  0x000001faeaff4800 GCTaskThread "GC Thread#0" [stack: 0x00000091b3400000,0x00000091b3500000] [id=1764]
  0x000001fa9abdb000 GCTaskThread "GC Thread#1" [stack: 0x00000091b5220000,0x00000091b5320000] [id=2752]
  0x000001fa9ad94000 GCTaskThread "GC Thread#2" [stack: 0x00000091b5320000,0x00000091b5420000] [id=7824]
  0x000001fa9ad94800 GCTaskThread "GC Thread#3" [stack: 0x00000091b5420000,0x00000091b5520000] [id=9348]
  0x000001fa9ad95800 GCTaskThread "GC Thread#4" [stack: 0x00000091b5520000,0x00000091b5620000] [id=22624]
  0x000001fa9b366800 GCTaskThread "GC Thread#5" [stack: 0x00000091b5620000,0x00000091b5720000] [id=5720]
  0x000001fa9b367000 GCTaskThread "GC Thread#6" [stack: 0x00000091b5720000,0x00000091b5820000] [id=24244]
  0x000001fa9b367800 GCTaskThread "GC Thread#7" [stack: 0x00000091b5820000,0x00000091b5920000] [id=25316]
  0x000001fa9b030800 GCTaskThread "GC Thread#8" [stack: 0x00000091b5920000,0x00000091b5a20000] [id=15092]
  0x000001fa9b7ce800 GCTaskThread "GC Thread#9" [stack: 0x00000091b5a20000,0x00000091b5b20000] [id=24124]
  0x000001fa9b7cf000 GCTaskThread "GC Thread#10" [stack: 0x00000091b5b20000,0x00000091b5c20000] [id=24432]
  0x000001fa9b7d0000 GCTaskThread "GC Thread#11" [stack: 0x00000091b5c20000,0x00000091b5d20000] [id=15180]
  0x000001faeb074800 ConcurrentGCThread "G1 Main Marker" [stack: 0x00000091b3500000,0x00000091b3600000] [id=25368]
  0x000001faeb076000 ConcurrentGCThread "G1 Conc#0" [stack: 0x00000091b3600000,0x00000091b3700000] [id=1572]
  0x000001fa9ad3c800 ConcurrentGCThread "G1 Conc#1" [stack: 0x00000091b6220000,0x00000091b6320000] [id=26872]
  0x000001faa489c800 ConcurrentGCThread "G1 Conc#2" [stack: 0x00000091b6320000,0x00000091b6420000] [id=508]
  0x000001faffc40000 ConcurrentGCThread "G1 Refine#0" [stack: 0x00000091b3700000,0x00000091b3800000] [id=3532]
  0x000001faffc41000 ConcurrentGCThread "G1 Young RemSet Sampling" [stack: 0x00000091b3800000,0x00000091b3900000] [id=2012]

Threads with active compile tasks:

VM state:not at safepoint (normal execution)

VM Mutex/Monitor currently owned by a thread: None

Heap address: 0x0000000601400000, size: 8172 MB, Compressed Oops mode: Zero based, Oop shift amount: 3
Narrow klass base: 0x0000000800000000, Narrow klass shift: 0
Compressed class space size: 1073741824 Address: 0x0000000800000000

Heap:
 garbage-first heap   total 524288K, used 17202K [0x0000000601400000, 0x0000000800000000)
  region size 2048K, 10 young (20480K), 9 survivors (18432K)
 Metaspace       used 20713K, capacity 21244K, committed 21504K, reserved 1069056K
  class space    used 2509K, capacity 2729K, committed 2816K, reserved 1048576K
Heap Regions: E=young(eden), S=young(survivor), O=old, HS=humongous(starts), HC=humongous(continues), CS=collection set, F=free, A=archive, TAMS=top-at-mark-start (previous, next)
|   0|0x0000000601400000, 0x000000060148f800, 0x0000000601600000| 28%| O|  |TAMS 0x000000060148f800, 0x0000000601400000| Untracked 
|   1|0x0000000601600000, 0x0000000601600000, 0x0000000601800000|  0%| F|  |TAMS 0x0000000601600000, 0x0000000601600000| Untracked 
|   2|0x0000000601800000, 0x0000000601800000, 0x0000000601a00000|  0%| F|  |TAMS 0x0000000601800000, 0x0000000601800000| Untracked 
|   3|0x0000000601a00000, 0x0000000601a00000, 0x0000000601c00000|  0%| F|  |TAMS 0x0000000601a00000, 0x0000000601a00000| Untracked 
|   4|0x0000000601c00000, 0x0000000601c00000, 0x0000000601e00000|  0%| F|  |TAMS 0x0000000601c00000, 0x0000000601c00000| Untracked 
|   5|0x0000000601e00000, 0x0000000601e00000, 0x0000000602000000|  0%| F|  |TAMS 0x0000000601e00000, 0x0000000601e00000| Untracked 
|   6|0x0000000602000000, 0x0000000602000000, 0x0000000602200000|  0%| F|  |TAMS 0x0000000602000000, 0x0000000602000000| Untracked 
|   7|0x0000000602200000, 0x0000000602200000, 0x0000000602400000|  0%| F|  |TAMS 0x0000000602200000, 0x0000000602200000| Untracked 
|   8|0x0000000602400000, 0x0000000602400000, 0x0000000602600000|  0%| F|  |TAMS 0x0000000602400000, 0x0000000602400000| Untracked 
|   9|0x0000000602600000, 0x0000000602600000, 0x0000000602800000|  0%| F|  |TAMS 0x0000000602600000, 0x0000000602600000| Untracked 
|  10|0x0000000602800000, 0x0000000602800000, 0x0000000602a00000|  0%| F|  |TAMS 0x0000000602800000, 0x0000000602800000| Untracked 
|  11|0x0000000602a00000, 0x0000000602a00000, 0x0000000602c00000|  0%| F|  |TAMS 0x0000000602a00000, 0x0000000602a00000| Untracked 
|  12|0x0000000602c00000, 0x0000000602c00000, 0x0000000602e00000|  0%| F|  |TAMS 0x0000000602c00000, 0x0000000602c00000| Untracked 
|  13|0x0000000602e00000, 0x0000000602e00000, 0x0000000603000000|  0%| F|  |TAMS 0x0000000602e00000, 0x0000000602e00000| Untracked 
|  14|0x0000000603000000, 0x0000000603000000, 0x0000000603200000|  0%| F|  |TAMS 0x0000000603000000, 0x0000000603000000| Untracked 
|  15|0x0000000603200000, 0x0000000603200000, 0x0000000603400000|  0%| F|  |TAMS 0x0000000603200000, 0x0000000603200000| Untracked 
|  16|0x0000000603400000, 0x0000000603400000, 0x0000000603600000|  0%| F|  |TAMS 0x0000000603400000, 0x0000000603400000| Untracked 
|  17|0x0000000603600000, 0x0000000603600000, 0x0000000603800000|  0%| F|  |TAMS 0x0000000603600000, 0x0000000603600000| Untracked 
|  18|0x0000000603800000, 0x0000000603800000, 0x0000000603a00000|  0%| F|  |TAMS 0x0000000603800000, 0x0000000603800000| Untracked 
|  19|0x0000000603a00000, 0x0000000603a00000, 0x0000000603c00000|  0%| F|  |TAMS 0x0000000603a00000, 0x0000000603a00000| Untracked 
|  20|0x0000000603c00000, 0x0000000603c00000, 0x0000000603e00000|  0%| F|  |TAMS 0x0000000603c00000, 0x0000000603c00000| Untracked 
|  21|0x0000000603e00000, 0x0000000603e00000, 0x0000000604000000|  0%| F|  |TAMS 0x0000000603e00000, 0x0000000603e00000| Untracked 
|  22|0x0000000604000000, 0x0000000604000000, 0x0000000604200000|  0%| F|  |TAMS 0x0000000604000000, 0x0000000604000000| Untracked 
|  23|0x0000000604200000, 0x0000000604200000, 0x0000000604400000|  0%| F|  |TAMS 0x0000000604200000, 0x0000000604200000| Untracked 
|  24|0x0000000604400000, 0x0000000604400000, 0x0000000604600000|  0%| F|  |TAMS 0x0000000604400000, 0x0000000604400000| Untracked 
|  25|0x0000000604600000, 0x0000000604600000, 0x0000000604800000|  0%| F|  |TAMS 0x0000000604600000, 0x0000000604600000| Untracked 
|  26|0x0000000604800000, 0x0000000604800000, 0x0000000604a00000|  0%| F|  |TAMS 0x0000000604800000, 0x0000000604800000| Untracked 
|  27|0x0000000604a00000, 0x0000000604a00000, 0x0000000604c00000|  0%| F|  |TAMS 0x0000000604a00000, 0x0000000604a00000| Untracked 
|  28|0x0000000604c00000, 0x0000000604c00000, 0x0000000604e00000|  0%| F|  |TAMS 0x0000000604c00000, 0x0000000604c00000| Untracked 
|  29|0x0000000604e00000, 0x0000000604e00000, 0x0000000605000000|  0%| F|  |TAMS 0x0000000604e00000, 0x0000000604e00000| Untracked 
|  30|0x0000000605000000, 0x0000000605000000, 0x0000000605200000|  0%| F|  |TAMS 0x0000000605000000, 0x0000000605000000| Untracked 
|  31|0x0000000605200000, 0x0000000605200000, 0x0000000605400000|  0%| F|  |TAMS 0x0000000605200000, 0x0000000605200000| Untracked 
|  32|0x0000000605400000, 0x0000000605400000, 0x0000000605600000|  0%| F|  |TAMS 0x0000000605400000, 0x0000000605400000| Untracked 
|  33|0x0000000605600000, 0x0000000605600000, 0x0000000605800000|  0%| F|  |TAMS 0x0000000605600000, 0x0000000605600000| Untracked 
|  34|0x0000000605800000, 0x0000000605800000, 0x0000000605a00000|  0%| F|  |TAMS 0x0000000605800000, 0x0000000605800000| Untracked 
|  35|0x0000000605a00000, 0x0000000605a00000, 0x0000000605c00000|  0%| F|  |TAMS 0x0000000605a00000, 0x0000000605a00000| Untracked 
|  36|0x0000000605c00000, 0x0000000605c00000, 0x0000000605e00000|  0%| F|  |TAMS 0x0000000605c00000, 0x0000000605c00000| Untracked 
|  37|0x0000000605e00000, 0x0000000605e00000, 0x0000000606000000|  0%| F|  |TAMS 0x0000000605e00000, 0x0000000605e00000| Untracked 
|  38|0x0000000606000000, 0x0000000606000000, 0x0000000606200000|  0%| F|  |TAMS 0x0000000606000000, 0x0000000606000000| Untracked 
|  39|0x0000000606200000, 0x0000000606200000, 0x0000000606400000|  0%| F|  |TAMS 0x0000000606200000, 0x0000000606200000| Untracked 
|  40|0x0000000606400000, 0x0000000606400000, 0x0000000606600000|  0%| F|  |TAMS 0x0000000606400000, 0x0000000606400000| Untracked 
|  41|0x0000000606600000, 0x0000000606600000, 0x0000000606800000|  0%| F|  |TAMS 0x0000000606600000, 0x0000000606600000| Untracked 
|  42|0x0000000606800000, 0x0000000606800000, 0x0000000606a00000|  0%| F|  |TAMS 0x0000000606800000, 0x0000000606800000| Untracked 
|  43|0x0000000606a00000, 0x0000000606a00000, 0x0000000606c00000|  0%| F|  |TAMS 0x0000000606a00000, 0x0000000606a00000| Untracked 
|  44|0x0000000606c00000, 0x0000000606c00000, 0x0000000606e00000|  0%| F|  |TAMS 0x0000000606c00000, 0x0000000606c00000| Untracked 
|  45|0x0000000606e00000, 0x0000000606e00000, 0x0000000607000000|  0%| F|  |TAMS 0x0000000606e00000, 0x0000000606e00000| Untracked 
|  46|0x0000000607000000, 0x0000000607000000, 0x0000000607200000|  0%| F|  |TAMS 0x0000000607000000, 0x0000000607000000| Untracked 
|  47|0x0000000607200000, 0x0000000607200000, 0x0000000607400000|  0%| F|  |TAMS 0x0000000607200000, 0x0000000607200000| Untracked 
|  48|0x0000000607400000, 0x0000000607400000, 0x0000000607600000|  0%| F|  |TAMS 0x0000000607400000, 0x0000000607400000| Untracked 
|  49|0x0000000607600000, 0x0000000607600000, 0x0000000607800000|  0%| F|  |TAMS 0x0000000607600000, 0x0000000607600000| Untracked 
|  50|0x0000000607800000, 0x0000000607800000, 0x0000000607a00000|  0%| F|  |TAMS 0x0000000607800000, 0x0000000607800000| Untracked 
|  51|0x0000000607a00000, 0x0000000607a00000, 0x0000000607c00000|  0%| F|  |TAMS 0x0000000607a00000, 0x0000000607a00000| Untracked 
|  52|0x0000000607c00000, 0x0000000607c00000, 0x0000000607e00000|  0%| F|  |TAMS 0x0000000607c00000, 0x0000000607c00000| Untracked 
|  53|0x0000000607e00000, 0x0000000607e00000, 0x0000000608000000|  0%| F|  |TAMS 0x0000000607e00000, 0x0000000607e00000| Untracked 
|  54|0x0000000608000000, 0x0000000608000000, 0x0000000608200000|  0%| F|  |TAMS 0x0000000608000000, 0x0000000608000000| Untracked 
|  55|0x0000000608200000, 0x0000000608200000, 0x0000000608400000|  0%| F|  |TAMS 0x0000000608200000, 0x0000000608200000| Untracked 
|  56|0x0000000608400000, 0x0000000608400000, 0x0000000608600000|  0%| F|  |TAMS 0x0000000608400000, 0x0000000608400000| Untracked 
|  57|0x0000000608600000, 0x0000000608600000, 0x0000000608800000|  0%| F|  |TAMS 0x0000000608600000, 0x0000000608600000| Untracked 
|  58|0x0000000608800000, 0x0000000608800000, 0x0000000608a00000|  0%| F|  |TAMS 0x0000000608800000, 0x0000000608800000| Untracked 
|  59|0x0000000608a00000, 0x0000000608a00000, 0x0000000608c00000|  0%| F|  |TAMS 0x0000000608a00000, 0x0000000608a00000| Untracked 
|  60|0x0000000608c00000, 0x0000000608c00000, 0x0000000608e00000|  0%| F|  |TAMS 0x0000000608c00000, 0x0000000608c00000| Untracked 
|  61|0x0000000608e00000, 0x0000000608e00000, 0x0000000609000000|  0%| F|  |TAMS 0x0000000608e00000, 0x0000000608e00000| Untracked 
|  62|0x0000000609000000, 0x0000000609000000, 0x0000000609200000|  0%| F|  |TAMS 0x0000000609000000, 0x0000000609000000| Untracked 
|  63|0x0000000609200000, 0x0000000609200000, 0x0000000609400000|  0%| F|  |TAMS 0x0000000609200000, 0x0000000609200000| Untracked 
|  64|0x0000000609400000, 0x0000000609400000, 0x0000000609600000|  0%| F|  |TAMS 0x0000000609400000, 0x0000000609400000| Untracked 
|  65|0x0000000609600000, 0x0000000609600000, 0x0000000609800000|  0%| F|  |TAMS 0x0000000609600000, 0x0000000609600000| Untracked 
|  66|0x0000000609800000, 0x0000000609800000, 0x0000000609a00000|  0%| F|  |TAMS 0x0000000609800000, 0x0000000609800000| Untracked 
|  67|0x0000000609a00000, 0x0000000609a00000, 0x0000000609c00000|  0%| F|  |TAMS 0x0000000609a00000, 0x0000000609a00000| Untracked 
|  68|0x0000000609c00000, 0x0000000609c00000, 0x0000000609e00000|  0%| F|  |TAMS 0x0000000609c00000, 0x0000000609c00000| Untracked 
|  69|0x0000000609e00000, 0x0000000609e00000, 0x000000060a000000|  0%| F|  |TAMS 0x0000000609e00000, 0x0000000609e00000| Untracked 
|  70|0x000000060a000000, 0x000000060a000000, 0x000000060a200000|  0%| F|  |TAMS 0x000000060a000000, 0x000000060a000000| Untracked 
|  71|0x000000060a200000, 0x000000060a200000, 0x000000060a400000|  0%| F|  |TAMS 0x000000060a200000, 0x000000060a200000| Untracked 
|  72|0x000000060a400000, 0x000000060a400000, 0x000000060a600000|  0%| F|  |TAMS 0x000000060a400000, 0x000000060a400000| Untracked 
|  73|0x000000060a600000, 0x000000060a600000, 0x000000060a800000|  0%| F|  |TAMS 0x000000060a600000, 0x000000060a600000| Untracked 
|  74|0x000000060a800000, 0x000000060a800000, 0x000000060aa00000|  0%| F|  |TAMS 0x000000060a800000, 0x000000060a800000| Untracked 
|  75|0x000000060aa00000, 0x000000060aa00000, 0x000000060ac00000|  0%| F|  |TAMS 0x000000060aa00000, 0x000000060aa00000| Untracked 
|  76|0x000000060ac00000, 0x000000060ac00000, 0x000000060ae00000|  0%| F|  |TAMS 0x000000060ac00000, 0x000000060ac00000| Untracked 
|  77|0x000000060ae00000, 0x000000060ae00000, 0x000000060b000000|  0%| F|  |TAMS 0x000000060ae00000, 0x000000060ae00000| Untracked 
|  78|0x000000060b000000, 0x000000060b000000, 0x000000060b200000|  0%| F|  |TAMS 0x000000060b000000, 0x000000060b000000| Untracked 
|  79|0x000000060b200000, 0x000000060b200000, 0x000000060b400000|  0%| F|  |TAMS 0x000000060b200000, 0x000000060b200000| Untracked 
|  80|0x000000060b400000, 0x000000060b400000, 0x000000060b600000|  0%| F|  |TAMS 0x000000060b400000, 0x000000060b400000| Untracked 
|  81|0x000000060b600000, 0x000000060b600000, 0x000000060b800000|  0%| F|  |TAMS 0x000000060b600000, 0x000000060b600000| Untracked 
|  82|0x000000060b800000, 0x000000060b800000, 0x000000060ba00000|  0%| F|  |TAMS 0x000000060b800000, 0x000000060b800000| Untracked 
|  83|0x000000060ba00000, 0x000000060ba00000, 0x000000060bc00000|  0%| F|  |TAMS 0x000000060ba00000, 0x000000060ba00000| Untracked 
|  84|0x000000060bc00000, 0x000000060bc00000, 0x000000060be00000|  0%| F|  |TAMS 0x000000060bc00000, 0x000000060bc00000| Untracked 
|  85|0x000000060be00000, 0x000000060be00000, 0x000000060c000000|  0%| F|  |TAMS 0x000000060be00000, 0x000000060be00000| Untracked 
|  86|0x000000060c000000, 0x000000060c000000, 0x000000060c200000|  0%| F|  |TAMS 0x000000060c000000, 0x000000060c000000| Untracked 
|  87|0x000000060c200000, 0x000000060c200000, 0x000000060c400000|  0%| F|  |TAMS 0x000000060c200000, 0x000000060c200000| Untracked 
|  88|0x000000060c400000, 0x000000060c400000, 0x000000060c600000|  0%| F|  |TAMS 0x000000060c400000, 0x000000060c400000| Untracked 
|  89|0x000000060c600000, 0x000000060c600000, 0x000000060c800000|  0%| F|  |TAMS 0x000000060c600000, 0x000000060c600000| Untracked 
|  90|0x000000060c800000, 0x000000060c800000, 0x000000060ca00000|  0%| F|  |TAMS 0x000000060c800000, 0x000000060c800000| Untracked 
|  91|0x000000060ca00000, 0x000000060ca00000, 0x000000060cc00000|  0%| F|  |TAMS 0x000000060ca00000, 0x000000060ca00000| Untracked 
|  92|0x000000060cc00000, 0x000000060cc00000, 0x000000060ce00000|  0%| F|  |TAMS 0x000000060cc00000, 0x000000060cc00000| Untracked 
|  93|0x000000060ce00000, 0x000000060ce00000, 0x000000060d000000|  0%| F|  |TAMS 0x000000060ce00000, 0x000000060ce00000| Untracked 
|  94|0x000000060d000000, 0x000000060d000000, 0x000000060d200000|  0%| F|  |TAMS 0x000000060d000000, 0x000000060d000000| Untracked 
|  95|0x000000060d200000, 0x000000060d200000, 0x000000060d400000|  0%| F|  |TAMS 0x000000060d200000, 0x000000060d200000| Untracked 
|  96|0x000000060d400000, 0x000000060d400000, 0x000000060d600000|  0%| F|  |TAMS 0x000000060d400000, 0x000000060d400000| Untracked 
|  97|0x000000060d600000, 0x000000060d600000, 0x000000060d800000|  0%| F|  |TAMS 0x000000060d600000, 0x000000060d600000| Untracked 
|  98|0x000000060d800000, 0x000000060d800000, 0x000000060da00000|  0%| F|  |TAMS 0x000000060d800000, 0x000000060d800000| Untracked 
|  99|0x000000060da00000, 0x000000060da00000, 0x000000060dc00000|  0%| F|  |TAMS 0x000000060da00000, 0x000000060da00000| Untracked 
| 100|0x000000060dc00000, 0x000000060dc00000, 0x000000060de00000|  0%| F|  |TAMS 0x000000060dc00000, 0x000000060dc00000| Untracked 
| 101|0x000000060de00000, 0x000000060de00000, 0x000000060e000000|  0%| F|  |TAMS 0x000000060de00000, 0x000000060de00000| Untracked 
| 102|0x000000060e000000, 0x000000060e000000, 0x000000060e200000|  0%| F|  |TAMS 0x000000060e000000, 0x000000060e000000| Untracked 
| 103|0x000000060e200000, 0x000000060e200000, 0x000000060e400000|  0%| F|  |TAMS 0x000000060e200000, 0x000000060e200000| Untracked 
| 104|0x000000060e400000, 0x000000060e400000, 0x000000060e600000|  0%| F|  |TAMS 0x000000060e400000, 0x000000060e400000| Untracked 
| 105|0x000000060e600000, 0x000000060e600000, 0x000000060e800000|  0%| F|  |TAMS 0x000000060e600000, 0x000000060e600000| Untracked 
| 106|0x000000060e800000, 0x000000060e800000, 0x000000060ea00000|  0%| F|  |TAMS 0x000000060e800000, 0x000000060e800000| Untracked 
| 107|0x000000060ea00000, 0x000000060ea00000, 0x000000060ec00000|  0%| F|  |TAMS 0x000000060ea00000, 0x000000060ea00000| Untracked 
| 108|0x000000060ec00000, 0x000000060ec00000, 0x000000060ee00000|  0%| F|  |TAMS 0x000000060ec00000, 0x000000060ec00000| Untracked 
| 109|0x000000060ee00000, 0x000000060ee00000, 0x000000060f000000|  0%| F|  |TAMS 0x000000060ee00000, 0x000000060ee00000| Untracked 
| 110|0x000000060f000000, 0x000000060f000000, 0x000000060f200000|  0%| F|  |TAMS 0x000000060f000000, 0x000000060f000000| Untracked 
| 111|0x000000060f200000, 0x000000060f200000, 0x000000060f400000|  0%| F|  |TAMS 0x000000060f200000, 0x000000060f200000| Untracked 
| 112|0x000000060f400000, 0x000000060f400000, 0x000000060f600000|  0%| F|  |TAMS 0x000000060f400000, 0x000000060f400000| Untracked 
| 113|0x000000060f600000, 0x000000060f600000, 0x000000060f800000|  0%| F|  |TAMS 0x000000060f600000, 0x000000060f600000| Untracked 
| 114|0x000000060f800000, 0x000000060f800000, 0x000000060fa00000|  0%| F|  |TAMS 0x000000060f800000, 0x000000060f800000| Untracked 
| 115|0x000000060fa00000, 0x000000060fa00000, 0x000000060fc00000|  0%| F|  |TAMS 0x000000060fa00000, 0x000000060fa00000| Untracked 
| 116|0x000000060fc00000, 0x000000060fc00000, 0x000000060fe00000|  0%| F|  |TAMS 0x000000060fc00000, 0x000000060fc00000| Untracked 
| 117|0x000000060fe00000, 0x000000060fe00000, 0x0000000610000000|  0%| F|  |TAMS 0x000000060fe00000, 0x000000060fe00000| Untracked 
| 118|0x0000000610000000, 0x0000000610000000, 0x0000000610200000|  0%| F|  |TAMS 0x0000000610000000, 0x0000000610000000| Untracked 
| 119|0x0000000610200000, 0x0000000610200000, 0x0000000610400000|  0%| F|  |TAMS 0x0000000610200000, 0x0000000610200000| Untracked 
| 120|0x0000000610400000, 0x0000000610400000, 0x0000000610600000|  0%| F|  |TAMS 0x0000000610400000, 0x0000000610400000| Untracked 
| 121|0x0000000610600000, 0x0000000610600000, 0x0000000610800000|  0%| F|  |TAMS 0x0000000610600000, 0x0000000610600000| Untracked 
| 122|0x0000000610800000, 0x0000000610800000, 0x0000000610a00000|  0%| F|  |TAMS 0x0000000610800000, 0x0000000610800000| Untracked 
| 123|0x0000000610a00000, 0x0000000610a00000, 0x0000000610c00000|  0%| F|  |TAMS 0x0000000610a00000, 0x0000000610a00000| Untracked 
| 124|0x0000000610c00000, 0x0000000610c00000, 0x0000000610e00000|  0%| F|  |TAMS 0x0000000610c00000, 0x0000000610c00000| Untracked 
| 125|0x0000000610e00000, 0x0000000610e00000, 0x0000000611000000|  0%| F|  |TAMS 0x0000000610e00000, 0x0000000610e00000| Untracked 
| 126|0x0000000611000000, 0x0000000611000000, 0x0000000611200000|  0%| F|  |TAMS 0x0000000611000000, 0x0000000611000000| Untracked 
| 127|0x0000000611200000, 0x0000000611200000, 0x0000000611400000|  0%| F|  |TAMS 0x0000000611200000, 0x0000000611200000| Untracked 
| 128|0x0000000611400000, 0x0000000611400000, 0x0000000611600000|  0%| F|  |TAMS 0x0000000611400000, 0x0000000611400000| Untracked 
| 129|0x0000000611600000, 0x0000000611600000, 0x0000000611800000|  0%| F|  |TAMS 0x0000000611600000, 0x0000000611600000| Untracked 
| 130|0x0000000611800000, 0x0000000611800000, 0x0000000611a00000|  0%| F|  |TAMS 0x0000000611800000, 0x0000000611800000| Untracked 
| 131|0x0000000611a00000, 0x0000000611a00000, 0x0000000611c00000|  0%| F|  |TAMS 0x0000000611a00000, 0x0000000611a00000| Untracked 
| 132|0x0000000611c00000, 0x0000000611c00000, 0x0000000611e00000|  0%| F|  |TAMS 0x0000000611c00000, 0x0000000611c00000| Untracked 
| 133|0x0000000611e00000, 0x0000000611e00000, 0x0000000612000000|  0%| F|  |TAMS 0x0000000611e00000, 0x0000000611e00000| Untracked 
| 134|0x0000000612000000, 0x0000000612000000, 0x0000000612200000|  0%| F|  |TAMS 0x0000000612000000, 0x0000000612000000| Untracked 
| 135|0x0000000612200000, 0x0000000612200000, 0x0000000612400000|  0%| F|  |TAMS 0x0000000612200000, 0x0000000612200000| Untracked 
| 136|0x0000000612400000, 0x0000000612400000, 0x0000000612600000|  0%| F|  |TAMS 0x0000000612400000, 0x0000000612400000| Untracked 
| 137|0x0000000612600000, 0x0000000612600000, 0x0000000612800000|  0%| F|  |TAMS 0x0000000612600000, 0x0000000612600000| Untracked 
| 138|0x0000000612800000, 0x0000000612800000, 0x0000000612a00000|  0%| F|  |TAMS 0x0000000612800000, 0x0000000612800000| Untracked 
| 139|0x0000000612a00000, 0x0000000612a00000, 0x0000000612c00000|  0%| F|  |TAMS 0x0000000612a00000, 0x0000000612a00000| Untracked 
| 140|0x0000000612c00000, 0x0000000612c00000, 0x0000000612e00000|  0%| F|  |TAMS 0x0000000612c00000, 0x0000000612c00000| Untracked 
| 141|0x0000000612e00000, 0x0000000612e00000, 0x0000000613000000|  0%| F|  |TAMS 0x0000000612e00000, 0x0000000612e00000| Untracked 
| 142|0x0000000613000000, 0x0000000613000000, 0x0000000613200000|  0%| F|  |TAMS 0x0000000613000000, 0x0000000613000000| Untracked 
| 143|0x0000000613200000, 0x0000000613200000, 0x0000000613400000|  0%| F|  |TAMS 0x0000000613200000, 0x0000000613200000| Untracked 
| 144|0x0000000613400000, 0x0000000613400000, 0x0000000613600000|  0%| F|  |TAMS 0x0000000613400000, 0x0000000613400000| Untracked 
| 145|0x0000000613600000, 0x0000000613600000, 0x0000000613800000|  0%| F|  |TAMS 0x0000000613600000, 0x0000000613600000| Untracked 
| 146|0x0000000613800000, 0x0000000613800000, 0x0000000613a00000|  0%| F|  |TAMS 0x0000000613800000, 0x0000000613800000| Untracked 
| 147|0x0000000613a00000, 0x0000000613a00000, 0x0000000613c00000|  0%| F|  |TAMS 0x0000000613a00000, 0x0000000613a00000| Untracked 
| 148|0x0000000613c00000, 0x0000000613c00000, 0x0000000613e00000|  0%| F|  |TAMS 0x0000000613c00000, 0x0000000613c00000| Untracked 
| 149|0x0000000613e00000, 0x0000000613e00000, 0x0000000614000000|  0%| F|  |TAMS 0x0000000613e00000, 0x0000000613e00000| Untracked 
| 150|0x0000000614000000, 0x0000000614000000, 0x0000000614200000|  0%| F|  |TAMS 0x0000000614000000, 0x0000000614000000| Untracked 
| 151|0x0000000614200000, 0x0000000614200000, 0x0000000614400000|  0%| F|  |TAMS 0x0000000614200000, 0x0000000614200000| Untracked 
| 152|0x0000000614400000, 0x0000000614400000, 0x0000000614600000|  0%| F|  |TAMS 0x0000000614400000, 0x0000000614400000| Untracked 
| 153|0x0000000614600000, 0x0000000614600000, 0x0000000614800000|  0%| F|  |TAMS 0x0000000614600000, 0x0000000614600000| Untracked 
| 154|0x0000000614800000, 0x0000000614800000, 0x0000000614a00000|  0%| F|  |TAMS 0x0000000614800000, 0x0000000614800000| Untracked 
| 155|0x0000000614a00000, 0x0000000614a00000, 0x0000000614c00000|  0%| F|  |TAMS 0x0000000614a00000, 0x0000000614a00000| Untracked 
| 156|0x0000000614c00000, 0x0000000614c00000, 0x0000000614e00000|  0%| F|  |TAMS 0x0000000614c00000, 0x0000000614c00000| Untracked 
| 157|0x0000000614e00000, 0x0000000614e00000, 0x0000000615000000|  0%| F|  |TAMS 0x0000000614e00000, 0x0000000614e00000| Untracked 
| 158|0x0000000615000000, 0x0000000615000000, 0x0000000615200000|  0%| F|  |TAMS 0x0000000615000000, 0x0000000615000000| Untracked 
| 159|0x0000000615200000, 0x0000000615200000, 0x0000000615400000|  0%| F|  |TAMS 0x0000000615200000, 0x0000000615200000| Untracked 
| 160|0x0000000615400000, 0x0000000615400000, 0x0000000615600000|  0%| F|  |TAMS 0x0000000615400000, 0x0000000615400000| Untracked 
| 161|0x0000000615600000, 0x0000000615600000, 0x0000000615800000|  0%| F|  |TAMS 0x0000000615600000, 0x0000000615600000| Untracked 
| 162|0x0000000615800000, 0x0000000615800000, 0x0000000615a00000|  0%| F|  |TAMS 0x0000000615800000, 0x0000000615800000| Untracked 
| 163|0x0000000615a00000, 0x0000000615a00000, 0x0000000615c00000|  0%| F|  |TAMS 0x0000000615a00000, 0x0000000615a00000| Untracked 
| 164|0x0000000615c00000, 0x0000000615c00000, 0x0000000615e00000|  0%| F|  |TAMS 0x0000000615c00000, 0x0000000615c00000| Untracked 
| 165|0x0000000615e00000, 0x0000000615e00000, 0x0000000616000000|  0%| F|  |TAMS 0x0000000615e00000, 0x0000000615e00000| Untracked 
| 166|0x0000000616000000, 0x0000000616000000, 0x0000000616200000|  0%| F|  |TAMS 0x0000000616000000, 0x0000000616000000| Untracked 
| 167|0x0000000616200000, 0x0000000616200000, 0x0000000616400000|  0%| F|  |TAMS 0x0000000616200000, 0x0000000616200000| Untracked 
| 168|0x0000000616400000, 0x0000000616400000, 0x0000000616600000|  0%| F|  |TAMS 0x0000000616400000, 0x0000000616400000| Untracked 
| 169|0x0000000616600000, 0x0000000616600000, 0x0000000616800000|  0%| F|  |TAMS 0x0000000616600000, 0x0000000616600000| Untracked 
| 170|0x0000000616800000, 0x0000000616800000, 0x0000000616a00000|  0%| F|  |TAMS 0x0000000616800000, 0x0000000616800000| Untracked 
| 171|0x0000000616a00000, 0x0000000616a00000, 0x0000000616c00000|  0%| F|  |TAMS 0x0000000616a00000, 0x0000000616a00000| Untracked 
| 172|0x0000000616c00000, 0x0000000616c00000, 0x0000000616e00000|  0%| F|  |TAMS 0x0000000616c00000, 0x0000000616c00000| Untracked 
| 173|0x0000000616e00000, 0x0000000616e00000, 0x0000000617000000|  0%| F|  |TAMS 0x0000000616e00000, 0x0000000616e00000| Untracked 
| 174|0x0000000617000000, 0x0000000617000000, 0x0000000617200000|  0%| F|  |TAMS 0x0000000617000000, 0x0000000617000000| Untracked 
| 175|0x0000000617200000, 0x0000000617200000, 0x0000000617400000|  0%| F|  |TAMS 0x0000000617200000, 0x0000000617200000| Untracked 
| 176|0x0000000617400000, 0x0000000617400000, 0x0000000617600000|  0%| F|  |TAMS 0x0000000617400000, 0x0000000617400000| Untracked 
| 177|0x0000000617600000, 0x0000000617600000, 0x0000000617800000|  0%| F|  |TAMS 0x0000000617600000, 0x0000000617600000| Untracked 
| 178|0x0000000617800000, 0x0000000617800000, 0x0000000617a00000|  0%| F|  |TAMS 0x0000000617800000, 0x0000000617800000| Untracked 
| 179|0x0000000617a00000, 0x0000000617a00000, 0x0000000617c00000|  0%| F|  |TAMS 0x0000000617a00000, 0x0000000617a00000| Untracked 
| 180|0x0000000617c00000, 0x0000000617c00000, 0x0000000617e00000|  0%| F|  |TAMS 0x0000000617c00000, 0x0000000617c00000| Untracked 
| 181|0x0000000617e00000, 0x0000000617e00000, 0x0000000618000000|  0%| F|  |TAMS 0x0000000617e00000, 0x0000000617e00000| Untracked 
| 182|0x0000000618000000, 0x0000000618000000, 0x0000000618200000|  0%| F|  |TAMS 0x0000000618000000, 0x0000000618000000| Untracked 
| 183|0x0000000618200000, 0x0000000618200000, 0x0000000618400000|  0%| F|  |TAMS 0x0000000618200000, 0x0000000618200000| Untracked 
| 184|0x0000000618400000, 0x0000000618400000, 0x0000000618600000|  0%| F|  |TAMS 0x0000000618400000, 0x0000000618400000| Untracked 
| 185|0x0000000618600000, 0x0000000618600000, 0x0000000618800000|  0%| F|  |TAMS 0x0000000618600000, 0x0000000618600000| Untracked 
| 186|0x0000000618800000, 0x0000000618800000, 0x0000000618a00000|  0%| F|  |TAMS 0x0000000618800000, 0x0000000618800000| Untracked 
| 187|0x0000000618a00000, 0x0000000618a00000, 0x0000000618c00000|  0%| F|  |TAMS 0x0000000618a00000, 0x0000000618a00000| Untracked 
| 188|0x0000000618c00000, 0x0000000618c00000, 0x0000000618e00000|  0%| F|  |TAMS 0x0000000618c00000, 0x0000000618c00000| Untracked 
| 189|0x0000000618e00000, 0x0000000618e00000, 0x0000000619000000|  0%| F|  |TAMS 0x0000000618e00000, 0x0000000618e00000| Untracked 
| 190|0x0000000619000000, 0x0000000619000000, 0x0000000619200000|  0%| F|  |TAMS 0x0000000619000000, 0x0000000619000000| Untracked 
| 191|0x0000000619200000, 0x0000000619200000, 0x0000000619400000|  0%| F|  |TAMS 0x0000000619200000, 0x0000000619200000| Untracked 
| 192|0x0000000619400000, 0x0000000619400000, 0x0000000619600000|  0%| F|  |TAMS 0x0000000619400000, 0x0000000619400000| Untracked 
| 193|0x0000000619600000, 0x0000000619600000, 0x0000000619800000|  0%| F|  |TAMS 0x0000000619600000, 0x0000000619600000| Untracked 
| 194|0x0000000619800000, 0x0000000619800000, 0x0000000619a00000|  0%| F|  |TAMS 0x0000000619800000, 0x0000000619800000| Untracked 
| 195|0x0000000619a00000, 0x0000000619a00000, 0x0000000619c00000|  0%| F|  |TAMS 0x0000000619a00000, 0x0000000619a00000| Untracked 
| 196|0x0000000619c00000, 0x0000000619c00000, 0x0000000619e00000|  0%| F|  |TAMS 0x0000000619c00000, 0x0000000619c00000| Untracked 
| 197|0x0000000619e00000, 0x0000000619e00000, 0x000000061a000000|  0%| F|  |TAMS 0x0000000619e00000, 0x0000000619e00000| Untracked 
| 198|0x000000061a000000, 0x000000061a000000, 0x000000061a200000|  0%| F|  |TAMS 0x000000061a000000, 0x000000061a000000| Untracked 
| 199|0x000000061a200000, 0x000000061a200000, 0x000000061a400000|  0%| F|  |TAMS 0x000000061a200000, 0x000000061a200000| Untracked 
| 200|0x000000061a400000, 0x000000061a400000, 0x000000061a600000|  0%| F|  |TAMS 0x000000061a400000, 0x000000061a400000| Untracked 
| 201|0x000000061a600000, 0x000000061a600000, 0x000000061a800000|  0%| F|  |TAMS 0x000000061a600000, 0x000000061a600000| Untracked 
| 202|0x000000061a800000, 0x000000061a800000, 0x000000061aa00000|  0%| F|  |TAMS 0x000000061a800000, 0x000000061a800000| Untracked 
| 203|0x000000061aa00000, 0x000000061aa00000, 0x000000061ac00000|  0%| F|  |TAMS 0x000000061aa00000, 0x000000061aa00000| Untracked 
| 204|0x000000061ac00000, 0x000000061ac00000, 0x000000061ae00000|  0%| F|  |TAMS 0x000000061ac00000, 0x000000061ac00000| Untracked 
| 205|0x000000061ae00000, 0x000000061ae00000, 0x000000061b000000|  0%| F|  |TAMS 0x000000061ae00000, 0x000000061ae00000| Untracked 
| 206|0x000000061b000000, 0x000000061b000000, 0x000000061b200000|  0%| F|  |TAMS 0x000000061b000000, 0x000000061b000000| Untracked 
| 207|0x000000061b200000, 0x000000061b200000, 0x000000061b400000|  0%| F|  |TAMS 0x000000061b200000, 0x000000061b200000| Untracked 
| 208|0x000000061b400000, 0x000000061b400000, 0x000000061b600000|  0%| F|  |TAMS 0x000000061b400000, 0x000000061b400000| Untracked 
| 209|0x000000061b600000, 0x000000061b600000, 0x000000061b800000|  0%| F|  |TAMS 0x000000061b600000, 0x000000061b600000| Untracked 
| 210|0x000000061b800000, 0x000000061b800000, 0x000000061ba00000|  0%| F|  |TAMS 0x000000061b800000, 0x000000061b800000| Untracked 
| 211|0x000000061ba00000, 0x000000061ba00000, 0x000000061bc00000|  0%| F|  |TAMS 0x000000061ba00000, 0x000000061ba00000| Untracked 
| 212|0x000000061bc00000, 0x000000061bc00000, 0x000000061be00000|  0%| F|  |TAMS 0x000000061bc00000, 0x000000061bc00000| Untracked 
| 213|0x000000061be00000, 0x000000061be00000, 0x000000061c000000|  0%| F|  |TAMS 0x000000061be00000, 0x000000061be00000| Untracked 
| 214|0x000000061c000000, 0x000000061c000000, 0x000000061c200000|  0%| F|  |TAMS 0x000000061c000000, 0x000000061c000000| Untracked 
| 215|0x000000061c200000, 0x000000061c200000, 0x000000061c400000|  0%| F|  |TAMS 0x000000061c200000, 0x000000061c200000| Untracked 
| 216|0x000000061c400000, 0x000000061c400000, 0x000000061c600000|  0%| F|  |TAMS 0x000000061c400000, 0x000000061c400000| Untracked 
| 217|0x000000061c600000, 0x000000061c600000, 0x000000061c800000|  0%| F|  |TAMS 0x000000061c600000, 0x000000061c600000| Untracked 
| 218|0x000000061c800000, 0x000000061c83d1f8, 0x000000061ca00000| 11%| S|CS|TAMS 0x000000061c800000, 0x000000061c800000| Complete 
| 219|0x000000061ca00000, 0x000000061cc00000, 0x000000061cc00000|100%| S|CS|TAMS 0x000000061ca00000, 0x000000061ca00000| Complete 
| 220|0x000000061cc00000, 0x000000061ce00000, 0x000000061ce00000|100%| S|CS|TAMS 0x000000061cc00000, 0x000000061cc00000| Complete 
| 221|0x000000061ce00000, 0x000000061d000000, 0x000000061d000000|100%| S|CS|TAMS 0x000000061ce00000, 0x000000061ce00000| Complete 
| 222|0x000000061d000000, 0x000000061d200000, 0x000000061d200000|100%| S|CS|TAMS 0x000000061d000000, 0x000000061d000000| Complete 
| 223|0x000000061d200000, 0x000000061d400000, 0x000000061d400000|100%| S|CS|TAMS 0x000000061d200000, 0x000000061d200000| Complete 
| 224|0x000000061d400000, 0x000000061d600000, 0x000000061d600000|100%| S|CS|TAMS 0x000000061d400000, 0x000000061d400000| Complete 
| 225|0x000000061d600000, 0x000000061d800000, 0x000000061d800000|100%| S|CS|TAMS 0x000000061d600000, 0x000000061d600000| Complete 
| 226|0x000000061d800000, 0x000000061da00000, 0x000000061da00000|100%| S|CS|TAMS 0x000000061d800000, 0x000000061d800000| Complete 
| 227|0x000000061da00000, 0x000000061da00000, 0x000000061dc00000|  0%| F|  |TAMS 0x000000061da00000, 0x000000061da00000| Untracked 
| 228|0x000000061dc00000, 0x000000061dc00000, 0x000000061de00000|  0%| F|  |TAMS 0x000000061dc00000, 0x000000061dc00000| Untracked 
| 229|0x000000061de00000, 0x000000061de00000, 0x000000061e000000|  0%| F|  |TAMS 0x000000061de00000, 0x000000061de00000| Untracked 
| 230|0x000000061e000000, 0x000000061e000000, 0x000000061e200000|  0%| F|  |TAMS 0x000000061e000000, 0x000000061e000000| Untracked 
| 231|0x000000061e200000, 0x000000061e200000, 0x000000061e400000|  0%| F|  |TAMS 0x000000061e200000, 0x000000061e200000| Untracked 
| 232|0x000000061e400000, 0x000000061e400000, 0x000000061e600000|  0%| F|  |TAMS 0x000000061e400000, 0x000000061e400000| Untracked 
| 233|0x000000061e600000, 0x000000061e600000, 0x000000061e800000|  0%| F|  |TAMS 0x000000061e600000, 0x000000061e600000| Untracked 
| 234|0x000000061e800000, 0x000000061e800000, 0x000000061ea00000|  0%| F|  |TAMS 0x000000061e800000, 0x000000061e800000| Untracked 
| 235|0x000000061ea00000, 0x000000061ea00000, 0x000000061ec00000|  0%| F|  |TAMS 0x000000061ea00000, 0x000000061ea00000| Untracked 
| 236|0x000000061ec00000, 0x000000061ec00000, 0x000000061ee00000|  0%| F|  |TAMS 0x000000061ec00000, 0x000000061ec00000| Untracked 
| 237|0x000000061ee00000, 0x000000061ee00000, 0x000000061f000000|  0%| F|  |TAMS 0x000000061ee00000, 0x000000061ee00000| Untracked 
| 238|0x000000061f000000, 0x000000061f000000, 0x000000061f200000|  0%| F|  |TAMS 0x000000061f000000, 0x000000061f000000| Untracked 
| 239|0x000000061f200000, 0x000000061f200000, 0x000000061f400000|  0%| F|  |TAMS 0x000000061f200000, 0x000000061f200000| Untracked 
| 240|0x000000061f400000, 0x000000061f400000, 0x000000061f600000|  0%| F|  |TAMS 0x000000061f400000, 0x000000061f400000| Untracked 
| 241|0x000000061f600000, 0x000000061f600000, 0x000000061f800000|  0%| F|  |TAMS 0x000000061f600000, 0x000000061f600000| Untracked 
| 242|0x000000061f800000, 0x000000061f800000, 0x000000061fa00000|  0%| F|  |TAMS 0x000000061f800000, 0x000000061f800000| Untracked 
| 243|0x000000061fa00000, 0x000000061fa00000, 0x000000061fc00000|  0%| F|  |TAMS 0x000000061fa00000, 0x000000061fa00000| Untracked 
| 244|0x000000061fc00000, 0x000000061fc00000, 0x000000061fe00000|  0%| F|  |TAMS 0x000000061fc00000, 0x000000061fc00000| Untracked 
| 245|0x000000061fe00000, 0x000000061fe00000, 0x0000000620000000|  0%| F|  |TAMS 0x000000061fe00000, 0x000000061fe00000| Untracked 
| 246|0x0000000620000000, 0x0000000620000000, 0x0000000620200000|  0%| F|  |TAMS 0x0000000620000000, 0x0000000620000000| Untracked 
| 247|0x0000000620200000, 0x0000000620200000, 0x0000000620400000|  0%| F|  |TAMS 0x0000000620200000, 0x0000000620200000| Untracked 
| 248|0x0000000620400000, 0x0000000620400000, 0x0000000620600000|  0%| F|  |TAMS 0x0000000620400000, 0x0000000620400000| Untracked 
| 249|0x0000000620600000, 0x0000000620600000, 0x0000000620800000|  0%| F|  |TAMS 0x0000000620600000, 0x0000000620600000| Untracked 
| 250|0x0000000620800000, 0x0000000620800000, 0x0000000620a00000|  0%| F|  |TAMS 0x0000000620800000, 0x0000000620800000| Untracked 
| 251|0x0000000620a00000, 0x0000000620a00000, 0x0000000620c00000|  0%| F|  |TAMS 0x0000000620a00000, 0x0000000620a00000| Untracked 
| 252|0x0000000620c00000, 0x0000000620c00000, 0x0000000620e00000|  0%| F|  |TAMS 0x0000000620c00000, 0x0000000620c00000| Untracked 
| 253|0x0000000620e00000, 0x0000000620e00000, 0x0000000621000000|  0%| F|  |TAMS 0x0000000620e00000, 0x0000000620e00000| Untracked 
| 254|0x0000000621000000, 0x0000000621000000, 0x0000000621200000|  0%| F|  |TAMS 0x0000000621000000, 0x0000000621000000| Untracked 
| 255|0x0000000621200000, 0x00000006212a4700, 0x0000000621400000| 32%| E|  |TAMS 0x0000000621200000, 0x0000000621200000| Complete 

Card table byte_map: [0x000001faf4ba0000,0x000001faf5ba0000] _byte_map_base: 0x000001faf1b96000

Marking Bits (Prev, Next): (CMBitMap*) 0x000001faeb063d40, (CMBitMap*) 0x000001faeb063d08
 Prev Bits: [0x000001fa8f000000, 0x000001fa96fb0000)
 Next Bits: [0x000001faf6ba0000, 0x000001fafeb50000)

Polling page: 0x000001fae8de0000

Metaspace:

Usage:
  Non-class:     18.08 MB capacity,    17.78 MB ( 98%) used,   251.09 KB (  1%) free+waste,    60.31 KB ( <1%) overhead. 
      Class:      2.67 MB capacity,     2.45 MB ( 92%) used,   189.45 KB (  7%) free+waste,    29.63 KB (  1%) overhead. 
       Both:     20.75 MB capacity,    20.23 MB ( 98%) used,   440.53 KB (  2%) free+waste,    89.94 KB ( <1%) overhead. 

Virtual space:
  Non-class space:       20.00 MB reserved,      18.25 MB ( 91%) committed 
      Class space:        1.00 GB reserved,       2.75 MB ( <1%) committed 
             Both:        1.02 GB reserved,      21.00 MB (  2%) committed 

Chunk freelists:
   Non-Class:  5.63 KB
       Class:  2.88 KB
        Both:  8.50 KB

CodeHeap 'non-profiled nmethods': size=119168Kb used=1230Kb max_used=1230Kb free=117938Kb
 bounds [0x000001fa87ba0000, 0x000001fa87e10000, 0x000001fa8f000000]
CodeHeap 'profiled nmethods': size=119168Kb used=4798Kb max_used=4798Kb free=114369Kb
 bounds [0x000001fa80740000, 0x000001fa80bf0000, 0x000001fa87ba0000]
CodeHeap 'non-nmethods': size=7424Kb used=2973Kb max_used=2999Kb free=4450Kb
 bounds [0x000001fa80000000, 0x000001fa80300000, 0x000001fa80740000]
 total_blobs=3667 nmethods=2305 adapters=579
 compilation: enabled
              stopped_count=0, restarted_count=0
 full_count=0

Compilation events (10 events):
Event: 1.452 Thread 0x000001fa99c09000 2302       3       java.nio.charset.CoderResult::isUnderflow (13 bytes)
Event: 1.452 Thread 0x000001fa99927000 2303       3       sun.nio.cs.StreamEncoder::ensureOpen (18 bytes)
Event: 1.452 Thread 0x000001fa99c09000 nmethod 2302 0x000001fa80beab10 code [0x000001fa80beacc0, 0x000001fa80beae78]
Event: 1.452 Thread 0x000001fa99c09000 2304       3       sun.nio.cs.SingleByte$Encoder::encodeArrayLoop (233 bytes)
Event: 1.452 Thread 0x000001fa99927000 nmethod 2303 0x000001fa80beaf10 code [0x000001fa80beb0e0, 0x000001fa80beb350]
Event: 1.452 Thread 0x000001fa99c0e800 2305       3       java.nio.CharBuffer::position (6 bytes)
Event: 1.452 Thread 0x000001fa99c11800 2306       3       java.nio.CharBuffer::position (8 bytes)
Event: 1.452 Thread 0x000001fa99c11800 nmethod 2306 0x000001fa80beb410 code [0x000001fa80beb5c0, 0x000001fa80beb770]
Event: 1.452 Thread 0x000001fa99c0e800 nmethod 2305 0x000001fa80beb810 code [0x000001fa80beb9e0, 0x000001fa80bebbf0]
Event: 1.453 Thread 0x000001fa99c09000 nmethod 2304 0x000001fa80bebd10 code [0x000001fa80bec220, 0x000001fa80beeab0]

GC Heap History (4 events):
Event: 0.588 GC heap before
{Heap before GC invocations=0 (full 0):
 garbage-first heap   total 524288K, used 24576K [0x0000000601400000, 0x0000000800000000)
  region size 2048K, 12 young (24576K), 0 survivors (0K)
 Metaspace       used 12691K, capacity 13063K, committed 13312K, reserved 1060864K
  class space    used 1284K, capacity 1427K, committed 1536K, reserved 1048576K
}
Event: 0.592 GC heap after
{Heap after GC invocations=1 (full 0):
 garbage-first heap   total 524288K, used 4670K [0x0000000601400000, 0x0000000800000000)
  region size 2048K, 2 young (4096K), 2 survivors (4096K)
 Metaspace       used 12691K, capacity 13063K, committed 13312K, reserved 1060864K
  class space    used 1284K, capacity 1427K, committed 1536K, reserved 1048576K
}
Event: 1.398 GC heap before
{Heap before GC invocations=1 (full 0):
 garbage-first heap   total 524288K, used 72254K [0x0000000601400000, 0x0000000800000000)
  region size 2048K, 29 young (59392K), 2 survivors (4096K)
 Metaspace       used 20622K, capacity 21106K, committed 21248K, reserved 1067008K
  class space    used 2498K, capacity 2727K, committed 2816K, reserved 1048576K
}
Event: 1.405 GC heap after
{Heap after GC invocations=2 (full 0):
 garbage-first heap   total 524288K, used 17202K [0x0000000601400000, 0x0000000800000000)
  region size 2048K, 9 young (18432K), 9 survivors (18432K)
 Metaspace       used 20622K, capacity 21106K, committed 21248K, reserved 1067008K
  class space    used 2498K, capacity 2727K, committed 2816K, reserved 1048576K
}

Deoptimization events (10 events):
Event: 1.174 Thread 0x000001fa9a024800 Uncommon trap: reason=class_check action=maybe_recompile pc=0x000001fa87cbdf58 method=java.util.RegularEnumSet.contains(Ljava/lang/Object;)Z @ 38 c2
Event: 1.175 Thread 0x000001fa9a024800 Uncommon trap: reason=class_check action=maybe_recompile pc=0x000001fa87cbdf58 method=java.util.RegularEnumSet.contains(Ljava/lang/Object;)Z @ 38 c2
Event: 1.175 Thread 0x000001fa9a024800 Uncommon trap: reason=class_check action=maybe_recompile pc=0x000001fa87cbdf58 method=java.util.RegularEnumSet.contains(Ljava/lang/Object;)Z @ 38 c2
Event: 1.179 Thread 0x000001fa9a024800 Uncommon trap: reason=class_check action=maybe_recompile pc=0x000001fa87cbdf58 method=java.util.RegularEnumSet.contains(Ljava/lang/Object;)Z @ 38 c2
Event: 1.238 Thread 0x000001fa9a024800 Uncommon trap: reason=class_check action=maybe_recompile pc=0x000001fa87cb3ac4 method=java.util.regex.Pattern$Start.match(Ljava/util/regex/Matcher;ILjava/lang/CharSequence;)Z @ 44 c2
Event: 1.256 Thread 0x000001fa9a024800 Uncommon trap: reason=unstable_if action=reinterpret pc=0x000001fa87c1d460 method=java.util.HashMap.hash(Ljava/lang/Object;)I @ 1 c2
Event: 1.411 Thread 0x000001fa9a024800 Uncommon trap: reason=unstable_if action=reinterpret pc=0x000001fa87cbf430 method=java.util.regex.Matcher.reset()Ljava/util/regex/Matcher; @ 71 c2
Event: 1.411 Thread 0x000001fa9a024800 Uncommon trap: reason=unstable_if action=reinterpret pc=0x000001fa87c6c550 method=java.util.regex.Pattern$BmpCharProperty.match(Ljava/util/regex/Matcher;ILjava/lang/CharSequence;)Z @ 5 c2
Event: 1.411 Thread 0x000001fa9a024800 Uncommon trap: reason=unstable_if action=reinterpret pc=0x000001fa87c968b8 method=java.util.regex.Pattern$LastNode.match(Ljava/util/regex/Matcher;ILjava/lang/CharSequence;)Z @ 5 c2
Event: 1.451 Thread 0x000001fa9a024800 Uncommon trap: reason=unstable_if action=reinterpret pc=0x000001fa87cca324 method=java.lang.AbstractStringBuilder.append(Ljava/lang/String;)Ljava/lang/AbstractStringBuilder; @ 1 c2

Classes redefined (0 events):
No events

Internal exceptions (10 events):
Event: 0.642 Thread 0x000001fa9a024800 Exception <a 'java/lang/NoSuchMethodError'{0x0000000620d65e60}: java.lang.invoke.DirectMethodHandle$Holder.invokeSpecial(Ljava/lang/Object;Ljava/lang/Object;IILjava/lang/Object;Ljava/lang/Object;Ljava/lang/Object;)Ljava/lang/Object;> (0x0000000620d65e60) 
Event: 0.643 Thread 0x000001fa9a024800 Exception <a 'java/lang/NoSuchMethodError'{0x0000000620d693e8}: java.lang.invoke.DelegatingMethodHandle$Holder.reinvoke_L(Ljava/lang/Object;IILjava/lang/Object;Ljava/lang/Object;Ljava/lang/Object;)Ljava/lang/Object;> (0x0000000620d693e8) thrown at [t:/wor
Event: 0.643 Thread 0x000001fa9a024800 Exception <a 'java/lang/NoSuchMethodError'{0x0000000620d6d570}: java.lang.invoke.DirectMethodHandle$Holder.invokeStatic(Ljava/lang/Object;Ljava/lang/Object;Ljava/lang/Object;Ljava/lang/Object;I)Ljava/lang/Object;> (0x0000000620d6d570) thrown at [t:/worksp
Event: 0.685 Thread 0x000001fa9a024800 Exception <a 'java/lang/NoSuchMethodError'{0x0000000620612880}: java.lang.invoke.DirectMethodHandle$Holder.invokeStaticInit(Ljava/lang/Object;Ljava/lang/Object;)V> (0x0000000620612880) thrown at [t:/workspace/open/src/hotspot/share/interpreter/linkResolve
Event: 1.200 Thread 0x000001fa9a024800 Exception <a 'java/lang/NoSuchMethodError'{0x000000061e5e6350}: java.lang.invoke.Invokers$Holder.linkToTargetMethod(Ljava/lang/Object;ILjava/lang/Object;)Ljava/lang/Object;> (0x000000061e5e6350) thrown at [t:/workspace/open/src/hotspot/share/interpreter/l
Event: 1.256 Thread 0x000001fa9a024800 Implicit null exception at 0x000001fa87c1cd35 to 0x000001fa87c1d44e
Event: 1.288 Thread 0x000001fa9a024800 Exception <a 'java/lang/NoSuchMethodError'{0x000000061dc841f0}: java.lang.invoke.DirectMethodHandle$Holder.invokeSpecial(Ljava/lang/Object;Ljava/lang/Object;Ljava/lang/Object;Ljava/lang/Object;)I> (0x000000061dc841f0) thrown at [t:/workspace/open/src/hots
Event: 1.449 Thread 0x000001fa9a024800 Exception <a 'java/lang/IllegalAccessError'{0x000000062122c140}: class com.sun.javafx.webkit.prism.WCFontImpl (in unnamed module @0x7918f6cc) cannot access class com.sun.javafx.font.FontFactory (in module javafx.graphics) because module javafx.graphics do
Event: 1.451 Thread 0x000001fa9a024800 Implicit null exception at 0x000001fa87cc9c77 to 0x000001fa87cca30a
Event: 1.451 Thread 0x000001fa9a024800 Exception <a 'java/lang/IllegalAccessError'{0x000000062123f030}: class com.sun.javafx.webkit.prism.WCFontImpl (in unnamed module @0x7918f6cc) cannot access class com.sun.javafx.font.FontFactory (in module javafx.graphics) because module javafx.graphics do

Events (10 events):
Event: 1.449 loading class java/lang/IllegalAccessError done
Event: 1.449 loading class java/lang/Throwable$WrappedPrintStream
Event: 1.449 loading class java/lang/Throwable$PrintStreamOrWriter
Event: 1.449 loading class java/lang/Throwable$PrintStreamOrWriter done
Event: 1.449 loading class java/lang/Throwable$WrappedPrintStream done
Event: 1.450 loading class jdk/internal/math/FDBigInteger
Event: 1.450 loading class jdk/internal/math/FDBigInteger done
Event: 1.451 Thread 0x000001fa9a024800 Uncommon trap: trap_request=0xffffff4d fr.pc=0x000001fa87cca324 relative=0x00000000000006e4
Event: 1.451 Thread 0x000001fa9a024800 DEOPT PACKING pc=0x000001fa87cca324 sp=0x00000091b4efa7d0
Event: 1.451 Thread 0x000001fa9a024800 DEOPT UNPACKING pc=0x000001fa800291af sp=0x00000091b4efa760 mode 2


Dynamic libraries:
0x00007ff606870000 - 0x00007ff6068b7000 	C:\Program Files\Java\jdk-11.0.2\bin\javaw.exe
0x00007ffada200000 - 0x00007ffada3f0000 	C:\WINDOWS\SYSTEM32\ntdll.dll
0x00007ffad99d0000 - 0x00007ffad9a82000 	C:\WINDOWS\System32\KERNEL32.DLL
0x00007ffad71c0000 - 0x00007ffad7465000 	C:\WINDOWS\System32\KERNELBASE.dll
0x00007ffad84e0000 - 0x00007ffad8583000 	C:\WINDOWS\System32\ADVAPI32.dll
0x00007ffad8440000 - 0x00007ffad84de000 	C:\WINDOWS\System32\msvcrt.dll
0x00007ffad98d0000 - 0x00007ffad9967000 	C:\WINDOWS\System32\sechost.dll
0x00007ffad82b0000 - 0x00007ffad83d0000 	C:\WINDOWS\System32\RPCRT4.dll
0x00007ffad9c50000 - 0x00007ffad9de5000 	C:\WINDOWS\System32\USER32.dll
0x00007ffad7e70000 - 0x00007ffad7e91000 	C:\WINDOWS\System32\win32u.dll
0x00007ffad8fc0000 - 0x00007ffad8fe6000 	C:\WINDOWS\System32\GDI32.dll
0x00007ffad8110000 - 0x00007ffad82a6000 	C:\WINDOWS\System32\gdi32full.dll
0x00007ffad7ea0000 - 0x00007ffad7f3e000 	C:\WINDOWS\System32\msvcp_win.dll
0x00007ffad7520000 - 0x00007ffad761a000 	C:\WINDOWS\System32\ucrtbase.dll
0x00007ffaca1e0000 - 0x00007ffaca464000 	C:\WINDOWS\WinSxS\amd64_microsoft.windows.common-controls_6595b64144ccf1df_6.0.18362.1082_none_9e8193e1e45b25c1\COMCTL32.dll
0x00007ffad1c70000 - 0x00007ffad1c7a000 	C:\WINDOWS\SYSTEM32\VERSION.dll
0x00007ffad9df0000 - 0x00007ffada125000 	C:\WINDOWS\System32\combase.dll
0x00007ffad8090000 - 0x00007ffad8110000 	C:\WINDOWS\System32\bcryptPrimitives.dll
0x00007ffad8eb0000 - 0x00007ffad8ede000 	C:\WINDOWS\System32\IMM32.DLL
0x00007ffac6fb0000 - 0x00007ffac6fc6000 	C:\Program Files\Java\jdk-11.0.2\bin\vcruntime140.dll
0x00007ffaacff0000 - 0x00007ffaad09a000 	C:\Program Files\Java\jdk-11.0.2\bin\msvcp140.dll
0x00007ffa746a0000 - 0x00007ffa751c7000 	C:\Program Files\Java\jdk-11.0.2\bin\server\jvm.dll
0x00007ffad9be0000 - 0x00007ffad9be8000 	C:\WINDOWS\System32\PSAPI.DLL
0x00007ffac1990000 - 0x00007ffac1999000 	C:\WINDOWS\SYSTEM32\WSOCK32.dll
0x00007ffad3d10000 - 0x00007ffad3d34000 	C:\WINDOWS\SYSTEM32\WINMM.dll
0x00007ffada130000 - 0x00007ffada19f000 	C:\WINDOWS\System32\WS2_32.dll
0x00007ffad3ce0000 - 0x00007ffad3d0d000 	C:\WINDOWS\SYSTEM32\winmmbase.dll
0x00007ffad7470000 - 0x00007ffad74ba000 	C:\WINDOWS\System32\cfgmgr32.dll
0x00007ffad70d0000 - 0x00007ffad70e1000 	C:\WINDOWS\System32\kernel.appcore.dll
0x00007ffacf8a0000 - 0x00007ffacf8b1000 	C:\Program Files\Java\jdk-11.0.2\bin\verify.dll
0x00007ffac2470000 - 0x00007ffac2664000 	C:\WINDOWS\SYSTEM32\DBGHELP.DLL
0x00007ffac1f60000 - 0x00007ffac1f8a000 	C:\WINDOWS\SYSTEM32\dbgcore.DLL
0x00007ffac6f00000 - 0x00007ffac6f29000 	C:\Program Files\Java\jdk-11.0.2\bin\java.dll
0x00007ffac6ee0000 - 0x00007ffac6ef6000 	C:\Program Files\Java\jdk-11.0.2\bin\zip.dll
0x00007ffad3da0000 - 0x00007ffad3daa000 	C:\Program Files\Java\jdk-11.0.2\bin\jimage.dll
0x00007ffad85a0000 - 0x00007ffad8c87000 	C:\WINDOWS\System32\SHELL32.dll
0x00007ffad9200000 - 0x00007ffad92a9000 	C:\WINDOWS\System32\shcore.dll
0x00007ffad76f0000 - 0x00007ffad7e70000 	C:\WINDOWS\System32\windows.storage.dll
0x00007ffad7160000 - 0x00007ffad7183000 	C:\WINDOWS\System32\profapi.dll
0x00007ffad70f0000 - 0x00007ffad713a000 	C:\WINDOWS\System32\powrprof.dll
0x00007ffad70c0000 - 0x00007ffad70d0000 	C:\WINDOWS\System32\UMPDC.dll
0x00007ffad9bf0000 - 0x00007ffad9c42000 	C:\WINDOWS\System32\shlwapi.dll
0x00007ffad76d0000 - 0x00007ffad76e7000 	C:\WINDOWS\System32\cryptsp.dll
0x00007ffac6e20000 - 0x00007ffac6e39000 	C:\Program Files\Java\jdk-11.0.2\bin\net.dll
0x00007ffac9c30000 - 0x00007ffac9e06000 	C:\WINDOWS\SYSTEM32\urlmon.dll
0x00007ffacbb30000 - 0x00007ffacbc20000 	C:\WINDOWS\SYSTEM32\WINHTTP.dll
0x00007ffaca750000 - 0x00007ffaca9f6000 	C:\WINDOWS\SYSTEM32\iertutil.dll
0x00007ffad6a40000 - 0x00007ffad6a4c000 	C:\WINDOWS\SYSTEM32\CRYPTBASE.DLL
0x00007ffad68c0000 - 0x00007ffad6927000 	C:\WINDOWS\system32\mswsock.dll
0x00007ffac6de0000 - 0x00007ffac6df3000 	C:\Program Files\Java\jdk-11.0.2\bin\nio.dll
0x000001fae8f90000 - 0x000001fae8f93000 	C:\eclipse\workspace\kitchengarden-gitcode\javafx\bin\api-ms-win-core-console-l1-1-0.dll
0x000001fae8fa0000 - 0x000001fae8fa3000 	C:\eclipse\workspace\kitchengarden-gitcode\javafx\bin\api-ms-win-core-console-l1-2-0.dll
0x000001fae8fb0000 - 0x000001fae8fb3000 	C:\eclipse\workspace\kitchengarden-gitcode\javafx\bin\api-ms-win-core-datetime-l1-1-0.dll
0x000001fae8fc0000 - 0x000001fae8fc3000 	C:\eclipse\workspace\kitchengarden-gitcode\javafx\bin\api-ms-win-core-debug-l1-1-0.dll
0x000001fae8fd0000 - 0x000001fae8fd3000 	C:\eclipse\workspace\kitchengarden-gitcode\javafx\bin\api-ms-win-core-errorhandling-l1-1-0.dll
0x000001fae8fe0000 - 0x000001fae8fe4000 	C:\eclipse\workspace\kitchengarden-gitcode\javafx\bin\api-ms-win-core-file-l1-1-0.dll
0x000001fae8ff0000 - 0x000001fae8ff3000 	C:\eclipse\workspace\kitchengarden-gitcode\javafx\bin\api-ms-win-core-file-l1-2-0.dll
0x000001faeaee0000 - 0x000001faeaee3000 	C:\eclipse\workspace\kitchengarden-gitcode\javafx\bin\api-ms-win-core-file-l2-1-0.dll
0x000001faeaef0000 - 0x000001faeaef3000 	C:\eclipse\workspace\kitchengarden-gitcode\javafx\bin\api-ms-win-core-handle-l1-1-0.dll
0x000001faeaf00000 - 0x000001faeaf03000 	C:\eclipse\workspace\kitchengarden-gitcode\javafx\bin\api-ms-win-core-heap-l1-1-0.dll
0x000001faeaf10000 - 0x000001faeaf13000 	C:\eclipse\workspace\kitchengarden-gitcode\javafx\bin\api-ms-win-core-interlocked-l1-1-0.dll
0x000001faeaf20000 - 0x000001faeaf23000 	C:\eclipse\workspace\kitchengarden-gitcode\javafx\bin\api-ms-win-core-libraryloader-l1-1-0.dll
0x000001faeaf30000 - 0x000001faeaf33000 	C:\eclipse\workspace\kitchengarden-gitcode\javafx\bin\api-ms-win-core-localization-l1-2-0.dll
0x000001faeaf40000 - 0x000001faeaf43000 	C:\eclipse\workspace\kitchengarden-gitcode\javafx\bin\api-ms-win-core-memory-l1-1-0.dll
0x000001faeaf50000 - 0x000001faeaf53000 	C:\eclipse\workspace\kitchengarden-gitcode\javafx\bin\api-ms-win-core-namedpipe-l1-1-0.dll
0x000001faeaf60000 - 0x000001faeaf63000 	C:\eclipse\workspace\kitchengarden-gitcode\javafx\bin\api-ms-win-core-processenvironment-l1-1-0.dll
0x000001faeaf70000 - 0x000001faeaf73000 	C:\eclipse\workspace\kitchengarden-gitcode\javafx\bin\api-ms-win-core-processthreads-l1-1-0.dll
0x000001faeaf80000 - 0x000001faeaf83000 	C:\eclipse\workspace\kitchengarden-gitcode\javafx\bin\api-ms-win-core-processthreads-l1-1-1.dll
0x000001faeaf90000 - 0x000001faeaf93000 	C:\eclipse\workspace\kitchengarden-gitcode\javafx\bin\api-ms-win-core-profile-l1-1-0.dll
0x000001faeafa0000 - 0x000001faeafa3000 	C:\eclipse\workspace\kitchengarden-gitcode\javafx\bin\api-ms-win-core-rtlsupport-l1-1-0.dll
0x000001faffdb0000 - 0x000001faffdb3000 	C:\eclipse\workspace\kitchengarden-gitcode\javafx\bin\api-ms-win-core-string-l1-1-0.dll
0x000001faffdc0000 - 0x000001faffdc3000 	C:\eclipse\workspace\kitchengarden-gitcode\javafx\bin\api-ms-win-core-synch-l1-1-0.dll
0x000001faffdd0000 - 0x000001faffdd3000 	C:\eclipse\workspace\kitchengarden-gitcode\javafx\bin\api-ms-win-core-synch-l1-2-0.dll
0x000001faffde0000 - 0x000001faffde3000 	C:\eclipse\workspace\kitchengarden-gitcode\javafx\bin\api-ms-win-core-sysinfo-l1-1-0.dll
0x000001faffdf0000 - 0x000001faffdf3000 	C:\eclipse\workspace\kitchengarden-gitcode\javafx\bin\api-ms-win-core-timezone-l1-1-0.dll
0x000001faffe00000 - 0x000001faffe03000 	C:\eclipse\workspace\kitchengarden-gitcode\javafx\bin\api-ms-win-core-util-l1-1-0.dll
0x000001faffe10000 - 0x000001faffe13000 	C:\eclipse\workspace\kitchengarden-gitcode\javafx\bin\api-ms-win-crt-conio-l1-1-0.dll
0x000001faffe20000 - 0x000001faffe24000 	C:\eclipse\workspace\kitchengarden-gitcode\javafx\bin\api-ms-win-crt-convert-l1-1-0.dll
0x000001faffe30000 - 0x000001faffe33000 	C:\eclipse\workspace\kitchengarden-gitcode\javafx\bin\api-ms-win-crt-environment-l1-1-0.dll
0x000001faffe40000 - 0x000001faffe43000 	C:\eclipse\workspace\kitchengarden-gitcode\javafx\bin\api-ms-win-crt-filesystem-l1-1-0.dll
0x000001faffe50000 - 0x000001faffe53000 	C:\eclipse\workspace\kitchengarden-gitcode\javafx\bin\api-ms-win-crt-heap-l1-1-0.dll
0x000001faffe60000 - 0x000001faffe63000 	C:\eclipse\workspace\kitchengarden-gitcode\javafx\bin\api-ms-win-crt-locale-l1-1-0.dll
0x000001faffe70000 - 0x000001faffe75000 	C:\eclipse\workspace\kitchengarden-gitcode\javafx\bin\api-ms-win-crt-math-l1-1-0.dll
0x000001faffe80000 - 0x000001faffe85000 	C:\eclipse\workspace\kitchengarden-gitcode\javafx\bin\api-ms-win-crt-multibyte-l1-1-0.dll
0x000001faffe90000 - 0x000001faffea0000 	C:\eclipse\workspace\kitchengarden-gitcode\javafx\bin\api-ms-win-crt-private-l1-1-0.dll
0x000001faffea0000 - 0x000001faffea3000 	C:\eclipse\workspace\kitchengarden-gitcode\javafx\bin\api-ms-win-crt-process-l1-1-0.dll
0x000001faffeb0000 - 0x000001faffeb4000 	C:\eclipse\workspace\kitchengarden-gitcode\javafx\bin\api-ms-win-crt-runtime-l1-1-0.dll
0x000001faffec0000 - 0x000001faffec4000 	C:\eclipse\workspace\kitchengarden-gitcode\javafx\bin\api-ms-win-crt-stdio-l1-1-0.dll
0x000001faffed0000 - 0x000001faffed4000 	C:\eclipse\workspace\kitchengarden-gitcode\javafx\bin\api-ms-win-crt-string-l1-1-0.dll
0x000001faffee0000 - 0x000001faffee3000 	C:\eclipse\workspace\kitchengarden-gitcode\javafx\bin\api-ms-win-crt-time-l1-1-0.dll
0x000001faffef0000 - 0x000001faffef3000 	C:\eclipse\workspace\kitchengarden-gitcode\javafx\bin\api-ms-win-crt-utility-l1-1-0.dll
0x00007ffa88db0000 - 0x00007ffa88eac000 	C:\eclipse\workspace\kitchengarden-gitcode\javafx\bin\ucrtbase.dll
0x00007ffac6ec0000 - 0x00007ffac6ed5000 	C:\eclipse\workspace\kitchengarden-gitcode\javafx\bin\vcruntime140.dll
0x00007ffac35b0000 - 0x00007ffac35bc000 	C:\Windows\System32\vcruntime140_1.dll
0x00007ffaa0c90000 - 0x00007ffaa0d2b000 	C:\eclipse\workspace\kitchengarden-gitcode\javafx\bin\msvcp140.dll
0x00007ffac5c20000 - 0x00007ffac5c43000 	C:\eclipse\workspace\kitchengarden-gitcode\javafx\bin\prism_d3d.dll
0x00007ffaceda0000 - 0x00007ffacef67000 	C:\WINDOWS\system32\d3d9.dll
0x00007ffad5800000 - 0x00007ffad582d000 	C:\WINDOWS\SYSTEM32\dwmapi.dll
0x00007ffad5cd0000 - 0x00007ffad5cf0000 	C:\WINDOWS\SYSTEM32\dxcore.dll
0x00007ffad53d0000 - 0x00007ffad5469000 	C:\WINDOWS\system32\uxtheme.dll
0x00007ffad0240000 - 0x00007ffad032f000 	C:\WINDOWS\System32\DriverStore\FileRepository\nv_dispi.inf_amd64_eb2e336f678f7f83\nvldumdx.dll
0x00007ffad7f40000 - 0x00007ffad8089000 	C:\WINDOWS\System32\crypt32.dll
0x00007ffad7140000 - 0x00007ffad7152000 	C:\WINDOWS\System32\MSASN1.dll
0x00007ffad74c0000 - 0x00007ffad751c000 	C:\WINDOWS\System32\WINTRUST.DLL
0x00007ffada1a0000 - 0x00007ffada1bd000 	C:\WINDOWS\System32\imagehlp.dll
0x00007ffad6440000 - 0x00007ffad6473000 	C:\WINDOWS\system32\rsaenh.dll
0x00007ffad7190000 - 0x00007ffad71b6000 	C:\WINDOWS\System32\bcrypt.dll
0x00007ffa73190000 - 0x00007ffa74694000 	C:\WINDOWS\System32\DriverStore\FileRepository\nv_dispi.inf_amd64_eb2e336f678f7f83\nvd3dumx.dll
0x00007ffaa8680000 - 0x00007ffaa86c5000 	C:\eclipse\workspace\kitchengarden-gitcode\javafx\bin\glass.dll
0x00007ffad9a90000 - 0x00007ffad9b60000 	C:\WINDOWS\System32\COMDLG32.dll
0x00007ffad8d40000 - 0x00007ffad8e97000 	C:\WINDOWS\System32\ole32.dll
0x00007ffad8ff0000 - 0x00007ffad90b5000 	C:\WINDOWS\System32\OLEAUT32.dll
0x00007ffad90c0000 - 0x00007ffad91f5000 	C:\WINDOWS\System32\MSCTF.dll
0x00007ffab64a0000 - 0x00007ffab6762000 	C:\WINDOWS\system32\nvspcap64.dll
0x00007ffad60c0000 - 0x00007ffad60f1000 	C:\WINDOWS\SYSTEM32\ntmarta.dll
0x00007ffad1c40000 - 0x00007ffad1c6f000 	C:\WINDOWS\SYSTEM32\cryptnet.dll
0x00007ffad5c80000 - 0x00007ffad5ca2000 	C:\WINDOWS\SYSTEM32\gpapi.dll
0x00007ffac8560000 - 0x00007ffac8569000 	C:\Program Files\Java\jdk-11.0.2\bin\prefs.dll
0x00007ffac3b30000 - 0x00007ffac3b44000 	C:\eclipse\workspace\kitchengarden-gitcode\javafx\bin\javafx_font.dll
0x00007ffac9930000 - 0x00007ffac9c2e000 	C:\WINDOWS\SYSTEM32\dwrite.dll
0x00007ffa58bb0000 - 0x00007ffa5c506000 	C:\eclipse\workspace\kitchengarden-gitcode\javafx\bin\jfxwebkit.dll

dbghelp: loaded successfully - version: 4.0.5 - missing functions: none
symbol engine: initialized successfully - sym options: 0x614 - pdb path: .;C:\Program Files\Java\jdk-11.0.2\bin;C:\WINDOWS\SYSTEM32;C:\WINDOWS\WinSxS\amd64_microsoft.windows.common-controls_6595b64144ccf1df_6.0.18362.1082_none_9e8193e1e45b25c1;C:\Program Files\Java\jdk-11.0.2\bin\server;C:\eclipse\workspace\kitchengarden-gitcode\javafx\bin;C:\WINDOWS\System32\DriverStore\FileRepository\nv_dispi.inf_amd64_eb2e336f678f7f83

VM Arguments:
jvm_args: --module-path=.\javafx\lib --add-modules=javafx.controls --add-exports=javafx.graphics/com.sun.javafx.sg.prism=ALL-UNNAMED --add-exports=javafx.graphics/com.sun.prism=ALL-UNNAMED --add-exports=javafx.graphics/com.sun.javafx.scene=ALL-UNNAMED --add-exports=javafx.graphics/com.sun.javafx.util=ALL-UNNAMED --add-exports=javafx.base/com.sun.javafx.logging=ALL-UNNAMED --add-exports=javafx.graphics/com.sun.glass.ui=ALL-UNNAMED --add-exports=javafx.graphics/com.sun.javafx.geom.transform=ALL-UNNAMED --add-exports=javafx.graphics/com.sun.javafx.tk=ALL-UNNAMED --add-exports=javafx.graphics/com.sun.glass.utils=ALL-UNNAMED -Dfile.encoding=Cp1252 
java_command: org.sourceforge.kga.KitchenGardenAid
java_class_path (initial): C:\eclipse\workspace\kitchengarden-gitcode\bin;C:\eclipse\workspace\kitchengarden-gitcode\javafx\lib\javafx-swt.jar;C:\eclipse\workspace\kitchengarden-gitcode\javafx\lib\javafx.base.jar;C:\eclipse\workspace\kitchengarden-gitcode\javafx\lib\javafx.controls.jar;C:\eclipse\workspace\kitchengarden-gitcode\javafx\lib\javafx.fxml.jar;C:\eclipse\workspace\kitchengarden-gitcode\javafx\lib\javafx.graphics.jar;C:\eclipse\workspace\kitchengarden-gitcode\javafx\lib\javafx.media.jar;C:\eclipse\workspace\kitchengarden-gitcode\javafx\lib\javafx.swing.jar;C:\eclipse\workspace\kitchengarden-gitcode\javafx\lib\javafx.web.jar;C:\eclipse\workspace\kitchengarden-gitcode\javafx\lib\src.zip
Launcher Type: SUN_STANDARD

[Global flags]
     intx CICompilerCount                          = 12                                        {product} {ergonomic}
     uint ConcGCThreads                            = 3                                         {product} {ergonomic}
     uint G1ConcRefinementThreads                  = 13                                        {product} {ergonomic}
   size_t G1HeapRegionSize                         = 2097152                                   {product} {ergonomic}
    uintx GCDrainStackTargetSize                   = 64                                        {product} {ergonomic}
   size_t InitialHeapSize                          = 536870912                                 {product} {ergonomic}
   size_t MarkStackSize                            = 4194304                                   {product} {ergonomic}
   size_t MaxHeapSize                              = 8568963072                                {product} {ergonomic}
   size_t MaxNewSize                               = 5140119552                                {product} {ergonomic}
   size_t MinHeapDeltaBytes                        = 2097152                                   {product} {ergonomic}
    uintx NonNMethodCodeHeapSize                   = 7591728                                {pd product} {ergonomic}
    uintx NonProfiledCodeHeapSize                  = 122033256                              {pd product} {ergonomic}
    uintx ProfiledCodeHeapSize                     = 122033256                              {pd product} {ergonomic}
    uintx ReservedCodeCacheSize                    = 251658240                              {pd product} {ergonomic}
     bool SegmentedCodeCache                       = true                                      {product} {ergonomic}
     bool UseCompressedClassPointers               = true                                 {lp64_product} {ergonomic}
     bool UseCompressedOops                        = true                                 {lp64_product} {ergonomic}
     bool UseG1GC                                  = true                                      {product} {ergonomic}
     bool UseLargePagesIndividualAllocation        = false                                  {pd product} {ergonomic}

Logging:
Log output configuration:
 #0: stdout all=warning uptime,level,tags
 #1: stderr all=off uptime,level,tags

Environment Variables:
JAVA_HOME=C:\Program Files\Java\jdk-15
CLASSPATH=.;C:\Program Files (x86)\Java\jre6\lib\ext\QTJava.zip
PATH=C:/Program Files/Java/jdk-11.0.2/bin/server;C:/Program Files/Java/jdk-11.0.2/bin;C:\Perl64\site\bin;C:\Perl64\bin;C:\Python38\Scripts\;C:\Python38\;C:\Program Files (x86)\Common Files\Oracle\Java\javapath;C:\ProgramData\Oracle\Java\javapath;C:\Program Files (x86)\ActiveState Komodo Edit 7\;C:\Program Files (x86)\Common Files\Microsoft Shared\Windows Live;C:\WINDOWS\system32;C:\WINDOWS;C:\WINDOWS\System32\Wbem;C:\WINDOWS\System32\WindowsPowerShell\v1.0\;C:\Program Files (x86)\ATI Technologies\ATI.ACE\Core-Static;C:\Program Files (x86)\QuickTime\QTSystem\;C:\Program Files\cURL\bin;C:\Program Files\TortoiseHg\;C:\Program Files (x86)\NVIDIA Corporation\PhysX\Common;C:\GitStack\python;C:\GitStack\python\Scripts;C:\GitStack\php;C:\GitStack\git\cmd;C:\GitStack\git\bin;C:\WINDOWS\System32\OpenSSH\;C:\Program Files\NVIDIA Corporation\NVIDIA NvDLISR;C:\WINDOWS\system32;C:\WINDOWS;C:\WINDOWS\System32\Wbem;C:\WINDOWS\System32\WindowsPowerShell\v1.0\;C:\WINDOWS\System32\OpenSSH\;C:\Program Files\nodejs\;C:\ProgramData\chocolatey\bin;C:\Program Files\TortoiseGit\bin;C:\Program Files\Java\jdk-11.0.2\bin;C:\Program Files\Common Files\Microsoft Shared\Windows Live;C:\Users\Alma Hawkins\AppData\Local\Microsoft\WindowsApps;C:\PROGRA~2\CVSFOR~1;C:\Users\Alma Hawkins\AppData\Roaming\npm;;C:\WINDOWS\system32;
USERNAME=Alma Hawkins
OS=Windows_NT
PROCESSOR_IDENTIFIER=AMD64 Family 23 Model 8 Stepping 2, AuthenticAMD



---------------  S Y S T E M  ---------------

OS: Windows 10 , 64 bit Build 18362 (10.0.18362.1082)

CPU:total 16 (initial active 16) (16 cores per cpu, 2 threads per core) family 23 model 8 stepping 2, cmov, cx8, fxsr, mmx, sse, sse2, sse3, ssse3, sse4.1, sse4.2, popcnt, avx, avx2, aes, clmul, mmxext, 3dnowpref, lzcnt, sse4a, ht, tsc, tscinvbit, tscinv, bmi1, bmi2, adx, sha, fma

Memory: 4k page, system-wide physical 32684M (18964M free)
TotalPageFile size 65452M (AvailPageFile size 46983M)
current process WorkingSet (physical memory assigned to process): 232M, peak: 232M
current process commit charge ("private bytes"): 725M, peak: 725M

vm_info: Java HotSpot(TM) 64-Bit Server VM (11.0.2+9-LTS) for windows-amd64 JRE (11.0.2+9-LTS), built on Jan 18 2019 05:24:10 by "mach5one" with MS VC++ 15.5 (VS2017)

END.
